#
# There is insufficient memory for the Java Runtime Environment to continue.
# Native memory allocation (malloc) failed to allocate 313434112 bytes for committing reserved memory.
# Possible reasons:
#   The system is out of physical RAM or swap space
#   In 32 bit mode, the process size limit was hit
# Possible solutions:
#   Reduce memory load on the system
#   Increase physical memory or swap space
#   Check if swap backing store is full
#   Use 64 bit Java on a 64 bit OS
#   Decrease Java heap size (-Xmx/-Xms)
#   Decrease number of Java threads
#   Decrease Java thread stack sizes (-Xss)
#   Set larger code cache with -XX:ReservedCodeCacheSize=
# This output file may be truncated or incomplete.
#
#  Out of Memory Error (os_linux.cpp:2798), pid=16995, tid=140677910148864
#
# JRE version: OpenJDK Runtime Environment (7.0_65-b32) (build 1.7.0_65-b32)
# Java VM: OpenJDK 64-Bit Server VM (24.65-b04 mixed mode linux-amd64 compressed oops)
# Derivative: IcedTea 2.5.3
# Distribution: Ubuntu 14.04 LTS, package 7u71-2.5.3-0ubuntu0.14.04.1
# Failed to write core dump. Core dumps have been disabled. To enable core dumping, try "ulimit -c unlimited" before starting Java again
#

---------------  T H R E A D  ---------------

Current thread (0x00007ff21c06b800):  VMThread [stack: 0x00007ff220ccb000,0x00007ff220dcc000] [id=16997]

Stack: [0x00007ff220ccb000,0x00007ff220dcc000],  sp=0x00007ff220dca590,  free space=1021k
Native frames: (J=compiled Java code, j=interpreted, Vv=VM code, C=native code)
V  [libjvm.so+0x948b05]  VMError::report_and_die()+0x175
V  [libjvm.so+0x48bc34]  report_vm_out_of_memory(char const*, int, unsigned long, char const*)+0x74
V  [libjvm.so+0x7c7bfb]  os::pd_commit_memory(char*, unsigned long, unsigned long, bool)+0xeb
V  [libjvm.so+0x7c26bf]  os::commit_memory(char*, unsigned long, unsigned long, bool)+0x1f
V  [libjvm.so+0x9459f4]  VirtualSpace::expand_by(unsigned long, bool)+0x1c4
V  [libjvm.so+0x561b1e]  OneContigSpaceCardGeneration::grow_by(unsigned long)+0x1e
V  [libjvm.so+0x561e55]  OneContigSpaceCardGeneration::expand(unsigned long, unsigned long)+0x85
V  [libjvm.so+0x5535f0]  GenCollectedHeap::do_collection(bool, bool, unsigned long, bool, int)+0x7a0
V  [libjvm.so+0x425812]  GenCollectorPolicy::satisfy_failed_allocation(unsigned long, bool)+0xb2
V  [libjvm.so+0x949e01]  VM_GenCollectForAllocation::doit()+0x81
V  [libjvm.so+0x94e9f7]  VM_Operation::evaluate()+0x47
V  [libjvm.so+0x94d368]  VMThread::evaluate_operation(VM_Operation*)+0x318
V  [libjvm.so+0x94d7c9]  VMThread::loop()+0x219
V  [libjvm.so+0x94dc12]  VMThread::run()+0x72
V  [libjvm.so+0x7c4ac2]  java_start(Thread*)+0xf2

VM_Operation (0x00007ff225a09700): GenCollectForAllocation, mode: safepoint, requested by thread 0x00007ff21c00a000


---------------  P R O C E S S  ---------------

Java Threads: ( => current thread )
  0x00007ff21c0a5800 JavaThread "Service Thread" daemon [_thread_blocked, id=17003, stack(0x00007ff22053c000,0x00007ff22063d000)]
  0x00007ff21c0a3000 JavaThread "C2 CompilerThread1" daemon [_thread_blocked, id=17002, stack(0x00007ff22063d000,0x00007ff22073e000)]
  0x00007ff21c0a1000 JavaThread "C2 CompilerThread0" daemon [_thread_blocked, id=17001, stack(0x00007ff22073e000,0x00007ff22083f000)]
  0x00007ff21c09e800 JavaThread "Signal Dispatcher" daemon [_thread_blocked, id=17000, stack(0x00007ff22083f000,0x00007ff220940000)]
  0x00007ff21c072000 JavaThread "Finalizer" daemon [_thread_blocked, id=16999, stack(0x00007ff220ac9000,0x00007ff220bca000)]
  0x00007ff21c070000 JavaThread "Reference Handler" daemon [_thread_blocked, id=16998, stack(0x00007ff220bca000,0x00007ff220ccb000)]
  0x00007ff21c00a000 JavaThread "main" [_thread_blocked, id=16996, stack(0x00007ff22590b000,0x00007ff225a0c000)]

Other Threads:
=>0x00007ff21c06b800 VMThread [stack: 0x00007ff220ccb000,0x00007ff220dcc000] [id=16997]
  0x00007ff21c0b0800 WatcherThread [stack: 0x00007ff22043b000,0x00007ff22053c000] [id=17004]

VM state:at safepoint (normal execution)

VM Mutex/Monitor currently owned by a thread:  ([mutex/lock_event])
[0x00007ff21c006250] Threads_lock - owner thread: 0x00007ff21c06b800
[0x00007ff21c006750] Heap_lock - owner thread: 0x00007ff21c00a000

Heap
 def new generation   total 178496K, used 2570K [0x0000000675a00000, 0x0000000681ba0000, 0x00000006f5a00000)
  eden space 158720K,   1% used [0x0000000675a00000, 0x0000000675c82b58, 0x000000067f500000)
  from space 19776K,   0% used [0x000000067f500000, 0x000000067f500000, 0x0000000680850000)
  to   space 19776K,   0% used [0x0000000680850000, 0x0000000680850000, 0x0000000681ba0000)
 tenured generation   total 459132K, used 459132K [0x00000006f5a00000, 0x0000000711a5f000, 0x00000007f5a00000)
   the space 459132K, 100% used [0x00000006f5a00000, 0x0000000711a5f000, 0x0000000711a5f000, 0x0000000711a5f000)
 compacting perm gen  total 21248K, used 3550K [0x00000007f5a00000, 0x00000007f6ec0000, 0x0000000800000000)
   the space 21248K,  16% used [0x00000007f5a00000, 0x00000007f5d77970, 0x00000007f5d77a00, 0x00000007f6ec0000)
No shared spaces configured.

Card table byte_map: [0x00007ff2218ec000,0x00007ff222540000] byte_map_base: 0x00007ff21e53f000

Polling page: 0x00007ff225a1a000

Code Cache  [0x00007ff219000000, 0x00007ff219270000, 0x00007ff21c000000)
 total_blobs=233 nmethods=36 adapters=150 free_code_cache=48628Kb largest_free_block=49755200

Compilation events (10 events):
Event: 0.251 Thread 0x00007ff21c0a3000 nmethod 32 0x00007ff21906ad10 code [0x00007ff21906ae60, 0x00007ff21906af38]
Event: 0.251 Thread 0x00007ff21c0a3000   33             java.util.ArrayList$Itr::<init> (6 bytes)
Event: 0.259 Thread 0x00007ff21c0a1000 nmethod 22 0x00007ff21906c010 code [0x00007ff21906c1a0, 0x00007ff21906c418]
Event: 0.259 Thread 0x00007ff21c0a1000   34             java.util.ArrayList$Itr::<init> (26 bytes)
Event: 0.259 Thread 0x00007ff21c0a1000 nmethod 34 0x00007ff219069310 code [0x00007ff219069440, 0x00007ff2190694d8]
Event: 0.259 Thread 0x00007ff21c0a1000   35             A::find (389 bytes)
Event: 0.263 Thread 0x00007ff21c0a3000 nmethod 33 0x00007ff219069090 code [0x00007ff2190691c0, 0x00007ff219069258]
Event: 0.553 Thread 0x00007ff21c0a1000 nmethod 35 0x00007ff21907ba10 code [0x00007ff21907be60, 0x00007ff2190803b8]
Event: 0.556 Thread 0x00007ff21c0a3000   36 %           A::find @ 45 (389 bytes)
Event: 1.291 Thread 0x00007ff21c0a3000 nmethod 36% 0x00007ff219084610 code [0x00007ff219084a80, 0x00007ff219088778]

GC Heap History (10 events):
Event: 1.288 GC heap after
Heap after GC invocations=15 (full 5):
 def new generation   total 65152K, used 7231K [0x0000000675a00000, 0x000000067a0b0000, 0x00000006f5a00000)
  eden space 57920K,   0% used [0x0000000675a00000, 0x0000000675a00000, 0x0000000679290000)
  from space 7232K,  99% used [0x00000006799a0000, 0x000000067a0afff8, 0x000000067a0b0000)
  to   space 7232K,   0% used [0x0000000679290000, 0x0000000679290000, 0x00000006799a0000)
 tenured generation   total 144648K, used 124812K [0x00000006f5a00000, 0x00000006fe742000, 0x00000007f5a00000)
   the space 144648K,  86% used [0x00000006f5a00000, 0x00000006fd3e30c8, 0x00000006fd3e3200, 0x00000006fe742000)
 compacting perm gen  total 21248K, used 3550K [0x00000007f5a00000, 0x00000007f6ec0000, 0x0000000800000000)
   the space 21248K,  16% used [0x00000007f5a00000, 0x00000007f5d77970, 0x00000007f5d77a00, 0x00000007f6ec0000)
No shared spaces configured.
}
Event: 1.308 GC heap before
{Heap before GC invocations=15 (full 5):
 def new generation   total 65152K, used 65151K [0x0000000675a00000, 0x000000067a0b0000, 0x00000006f5a00000)
  eden space 57920K, 100% used [0x0000000675a00000, 0x0000000679290000, 0x0000000679290000)
  from space 7232K,  99% used [0x00000006799a0000, 0x000000067a0afff8, 0x000000067a0b0000)
  to   space 7232K,   0% used [0x0000000679290000, 0x0000000679290000, 0x00000006799a0000)
 tenured generation   total 144648K, used 124812K [0x00000006f5a00000, 0x00000006fe742000, 0x00000007f5a00000)
   the space 144648K,  86% used [0x00000006f5a00000, 0x00000006fd3e30c8, 0x00000006fd3e3200, 0x00000006fe742000)
 compacting perm gen  total 21248K, used 3550K [0x00000007f5a00000, 0x00000007f6ec0000, 0x0000000800000000)
   the space 21248K,  16% used [0x00000007f5a00000, 0x00000007f5d77970, 0x00000007f5d77a00, 0x00000007f6ec0000)
No shared spaces configured.
Event: 1.625 GC heap after
Heap after GC invocations=16 (full 6):
 def new generation   total 112640K, used 0K [0x0000000675a00000, 0x000000067d430000, 0x00000006f5a00000)
  eden space 100160K,   0% used [0x0000000675a00000, 0x0000000675a00000, 0x000000067bbd0000)
  from space 12480K,   0% used [0x000000067bbd0000, 0x000000067bbd0000, 0x000000067c800000)
  to   space 12480K,   0% used [0x000000067c800000, 0x000000067c800000, 0x000000067d430000)
 tenured generation   total 250148K, used 150088K [0x00000006f5a00000, 0x0000000704e49000, 0x00000007f5a00000)
   the space 250148K,  59% used [0x00000006f5a00000, 0x00000006fec92108, 0x00000006fec92200, 0x0000000704e49000)
 compacting perm gen  total 21248K, used 3550K [0x00000007f5a00000, 0x00000007f6ec0000, 0x0000000800000000)
   the space 21248K,  16% used [0x00000007f5a00000, 0x00000007f5d77970, 0x00000007f5d77a00, 0x00000007f6ec0000)
No shared spaces configured.
}
Event: 1.662 GC heap before
{Heap before GC invocations=16 (full 6):
 def new generation   total 112640K, used 100160K [0x0000000675a00000, 0x000000067d430000, 0x00000006f5a00000)
  eden space 100160K, 100% used [0x0000000675a00000, 0x000000067bbd0000, 0x000000067bbd0000)
  from space 12480K,   0% used [0x000000067bbd0000, 0x000000067bbd0000, 0x000000067c800000)
  to   space 12480K,   0% used [0x000000067c800000, 0x000000067c800000, 0x000000067d430000)
 tenured generation   total 250148K, used 150088K [0x00000006f5a00000, 0x0000000704e49000, 0x00000007f5a00000)
   the space 250148K,  59% used [0x00000006f5a00000, 0x00000006fec92108, 0x00000006fec92200, 0x0000000704e49000)
 compacting perm gen  total 21248K, used 3550K [0x00000007f5a00000, 0x00000007f6ec0000, 0x0000000800000000)
   the space 21248K,  16% used [0x00000007f5a00000, 0x00000007f5d77970, 0x00000007f5d77a00, 0x00000007f6ec0000)
No shared spaces configured.
Event: 1.765 GC heap after
Heap after GC invocations=17 (full 6):
 def new generation   total 112640K, used 12480K [0x0000000675a00000, 0x000000067d430000, 0x00000006f5a00000)
  eden space 100160K,   0% used [0x0000000675a00000, 0x0000000675a00000, 0x000000067bbd0000)
  from space 12480K, 100% used [0x000000067c800000, 0x000000067d430000, 0x000000067d430000)
  to   space 12480K,   0% used [0x000000067bbd0000, 0x000000067bbd0000, 0x000000067c800000)
 tenured generation   total 250148K, used 218774K [0x00000006f5a00000, 0x0000000704e49000, 0x00000007f5a00000)
   the space 250148K,  87% used [0x00000006f5a00000, 0x0000000702fa58b0, 0x0000000702fa5a00, 0x0000000704e49000)
 compacting perm gen  total 21248K, used 3550K [0x00000007f5a00000, 0x00000007f6ec0000, 0x0000000800000000)
   the space 21248K,  16% used [0x00000007f5a00000, 0x00000007f5d77970, 0x00000007f5d77a00, 0x00000007f6ec0000)
No shared spaces configured.
}
Event: 1.795 GC heap before
{Heap before GC invocations=17 (full 6):
 def new generation   total 112640K, used 112640K [0x0000000675a00000, 0x000000067d430000, 0x00000006f5a00000)
  eden space 100160K, 100% used [0x0000000675a00000, 0x000000067bbd0000, 0x000000067bbd0000)
  from space 12480K, 100% used [0x000000067c800000, 0x000000067d430000, 0x000000067d430000)
  to   space 12480K,   0% used [0x000000067bbd0000, 0x000000067bbd0000, 0x000000067c800000)
 tenured generation   total 250148K, used 218774K [0x00000006f5a00000, 0x0000000704e49000, 0x00000007f5a00000)
   the space 250148K,  87% used [0x00000006f5a00000, 0x0000000702fa58b0, 0x0000000702fa5a00, 0x0000000704e49000)
 compacting perm gen  total 21248K, used 3550K [0x00000007f5a00000, 0x00000007f6ec0000, 0x0000000800000000)
   the space 21248K,  16% used [0x00000007f5a00000, 0x00000007f5d77970, 0x00000007f5d77a00, 0x00000007f6ec0000)
No shared spaces configured.
Event: 2.307 GC heap after
Heap after GC invocations=18 (full 7):
 def new generation   total 178496K, used 0K [0x0000000675a00000, 0x0000000681ba0000, 0x00000006f5a00000)
  eden space 158720K,   0% used [0x0000000675a00000, 0x0000000675a00000, 0x000000067f500000)
  from space 19776K,   0% used [0x000000067f500000, 0x000000067f500000, 0x0000000680850000)
  to   space 19776K,   0% used [0x0000000680850000, 0x0000000680850000, 0x0000000681ba0000)
 tenured generation   total 396448K, used 237868K [0x00000006f5a00000, 0x000000070dd28000, 0x00000007f5a00000)
   the space 396448K,  59% used [0x00000006f5a00000, 0x000000070424b2b8, 0x000000070424b400, 0x000000070dd28000)
 compacting perm gen  total 21248K, used 3550K [0x00000007f5a00000, 0x00000007f6ec0000, 0x0000000800000000)
   the space 21248K,  16% used [0x00000007f5a00000, 0x00000007f5d77970, 0x00000007f5d77a00, 0x00000007f6ec0000)
No shared spaces configured.
}
Event: 2.362 GC heap before
{Heap before GC invocations=18 (full 7):
 def new generation   total 178496K, used 158720K [0x0000000675a00000, 0x0000000681ba0000, 0x00000006f5a00000)
  eden space 158720K, 100% used [0x0000000675a00000, 0x000000067f500000, 0x000000067f500000)
  from space 19776K,   0% used [0x000000067f500000, 0x000000067f500000, 0x0000000680850000)
  to   space 19776K,   0% used [0x0000000680850000, 0x0000000680850000, 0x0000000681ba0000)
 tenured generation   total 396448K, used 237868K [0x00000006f5a00000, 0x000000070dd28000, 0x00000007f5a00000)
   the space 396448K,  59% used [0x00000006f5a00000, 0x000000070424b2b8, 0x000000070424b400, 0x000000070dd28000)
 compacting perm gen  total 21248K, used 3550K [0x00000007f5a00000, 0x00000007f6ec0000, 0x0000000800000000)
   the space 21248K,  16% used [0x00000007f5a00000, 0x00000007f5d77970, 0x00000007f5d77a00, 0x00000007f6ec0000)
No shared spaces configured.
Event: 2.510 GC heap after
Heap after GC invocations=19 (full 7):
 def new generation   total 178496K, used 19776K [0x0000000675a00000, 0x0000000681ba0000, 0x00000006f5a00000)
  eden space 158720K,   0% used [0x0000000675a00000, 0x0000000675a00000, 0x000000067f500000)
  from space 19776K, 100% used [0x0000000680850000, 0x0000000681ba0000, 0x0000000681ba0000)
  to   space 19776K,   0% used [0x000000067f500000, 0x000000067f500000, 0x0000000680850000)
 tenured generation   total 396448K, used 334078K [0x00000006f5a00000, 0x000000070dd28000, 0x00000007f5a00000)
   the space 396448K,  84% used [0x00000006f5a00000, 0x000000070a03fb20, 0x000000070a03fc00, 0x000000070dd28000)
 compacting perm gen  total 21248K, used 3550K [0x00000007f5a00000, 0x00000007f6ec0000, 0x0000000800000000)
   the space 21248K,  16% used [0x00000007f5a00000, 0x00000007f5d77970, 0x00000007f5d77a00, 0x00000007f6ec0000)
No shared spaces configured.
}
Event: 2.559 GC heap before
{Heap before GC invocations=19 (full 7):
 def new generation   total 178496K, used 155524K [0x0000000675a00000, 0x0000000681ba0000, 0x00000006f5a00000)
  eden space 158720K,  85% used [0x0000000675a00000, 0x000000067de91198, 0x000000067f500000)
  from space 19776K, 100% used [0x0000000680850000, 0x0000000681ba0000, 0x0000000681ba0000)
  to   space 19776K,   0% used [0x000000067f500000, 0x000000067f500000, 0x0000000680850000)
 tenured generation   total 396448K, used 334078K [0x00000006f5a00000, 0x000000070dd28000, 0x00000007f5a00000)
   the space 396448K,  84% used [0x00000006f5a00000, 0x000000070a03fb20, 0x000000070a03fc00, 0x000000070dd28000)
 compacting perm gen  total 21248K, used 3550K [0x00000007f5a00000, 0x00000007f6ec0000, 0x0000000800000000)
   the space 21248K,  16% used [0x00000007f5a00000, 0x00000007f5d77970, 0x00000007f5d77a00, 0x00000007f6ec0000)
No shared spaces configured.

Deoptimization events (4 events):
Event: 0.128 Thread 0x00007ff21c00a000 Uncommon trap: reason=class_check action=maybe_recompile pc=0x00007ff2190644b8 method=java.lang.Character.codePointAt(Ljava/lang/CharSequence;I)I @ 5
Event: 0.128 Thread 0x00007ff21c00a000 Uncommon trap: reason=class_check action=maybe_recompile pc=0x00007ff2190644b8 method=java.lang.Character.codePointAt(Ljava/lang/CharSequence;I)I @ 5
Event: 0.154 Thread 0x00007ff21c00a000 Uncommon trap: reason=class_check action=maybe_recompile pc=0x00007ff2190644b8 method=java.lang.Character.codePointAt(Ljava/lang/CharSequence;I)I @ 5
Event: 0.154 Thread 0x00007ff21c00a000 Uncommon trap: reason=class_check action=maybe_recompile pc=0x00007ff2190644b8 method=java.lang.Character.codePointAt(Ljava/lang/CharSequence;I)I @ 5

Internal exceptions (10 events):
Event: 0.057 Thread 0x00007ff21c00a000 Threw 0x0000000675a42df8 at /build/buildd/openjdk-7-7u71-2.5.3/build/openjdk/hotspot/src/share/vm/prims/jni.cpp:721
Event: 0.057 Thread 0x00007ff21c00a000 Threw 0x0000000675a42f78 at /build/buildd/openjdk-7-7u71-2.5.3/build/openjdk/hotspot/src/share/vm/prims/jvm.cpp:1284
Event: 0.057 Thread 0x00007ff21c00a000 Threw 0x0000000675a430a0 at /build/buildd/openjdk-7-7u71-2.5.3/build/openjdk/hotspot/src/share/vm/prims/jvm.cpp:1284
Event: 0.059 Thread 0x00007ff21c00a000 Threw 0x0000000675a49490 at /build/buildd/openjdk-7-7u71-2.5.3/build/openjdk/hotspot/src/share/vm/prims/jvm.cpp:1284
Event: 0.074 Thread 0x00007ff21c00a000 Threw 0x0000000675a6c3f0 at /build/buildd/openjdk-7-7u71-2.5.3/build/openjdk/hotspot/src/share/vm/prims/jvm.cpp:1284
Event: 0.074 Thread 0x00007ff21c00a000 Threw 0x0000000675a6c518 at /build/buildd/openjdk-7-7u71-2.5.3/build/openjdk/hotspot/src/share/vm/prims/jvm.cpp:1284
Event: 0.075 Thread 0x00007ff21c00a000 Threw 0x0000000675a6eaf8 at /build/buildd/openjdk-7-7u71-2.5.3/build/openjdk/hotspot/src/share/vm/prims/jvm.cpp:1284
Event: 0.075 Thread 0x00007ff21c00a000 Threw 0x0000000675a6ec20 at /build/buildd/openjdk-7-7u71-2.5.3/build/openjdk/hotspot/src/share/vm/prims/jvm.cpp:1284
Event: 0.075 Thread 0x00007ff21c00a000 Threw 0x0000000675a6f520 at /build/buildd/openjdk-7-7u71-2.5.3/build/openjdk/hotspot/src/share/vm/prims/jvm.cpp:1284
Event: 0.075 Thread 0x00007ff21c00a000 Threw 0x0000000675a6f648 at /build/buildd/openjdk-7-7u71-2.5.3/build/openjdk/hotspot/src/share/vm/prims/jvm.cpp:1284

Events (10 events):
Event: 1.291 Executing VM operation: GenCollectForAllocation done
Event: 1.308 Executing VM operation: GenCollectForAllocation
Event: 1.625 Executing VM operation: GenCollectForAllocation done
Event: 1.662 Executing VM operation: GenCollectForAllocation
Event: 1.765 Executing VM operation: GenCollectForAllocation done
Event: 1.795 Executing VM operation: GenCollectForAllocation
Event: 2.307 Executing VM operation: GenCollectForAllocation done
Event: 2.362 Executing VM operation: GenCollectForAllocation
Event: 2.510 Executing VM operation: GenCollectForAllocation done
Event: 2.559 Executing VM operation: GenCollectForAllocation


Dynamic libraries:
00400000-00401000 r-xp 00000000 ca:01 143710                             /usr/lib/jvm/java-7-openjdk-amd64/jre/bin/java
00600000-00601000 r--p 00000000 ca:01 143710                             /usr/lib/jvm/java-7-openjdk-amd64/jre/bin/java
00601000-00602000 rw-p 00001000 ca:01 143710                             /usr/lib/jvm/java-7-openjdk-amd64/jre/bin/java
02278000-02299000 rw-p 00000000 00:00 0                                  [heap]
675a00000-681ba0000 rw-p 00000000 00:00 0 
681ba0000-6f5a00000 rw-p 00000000 00:00 0 
6f5a00000-711a5f000 rw-p 00000000 00:00 0 
724549000-7f5a00000 rw-p 00000000 00:00 0 
7f5a00000-7f6ec0000 rw-p 00000000 00:00 0 
7f6ec0000-800000000 rw-p 00000000 00:00 0 
7ff1fc000000-7ff1fc5c5000 rw-p 00000000 00:00 0 
7ff1fc5c5000-7ff200000000 ---p 00000000 00:00 0 
7ff200000000-7ff200021000 rw-p 00000000 00:00 0 
7ff200021000-7ff204000000 ---p 00000000 00:00 0 
7ff204000000-7ff204021000 rw-p 00000000 00:00 0 
7ff204021000-7ff208000000 ---p 00000000 00:00 0 
7ff208000000-7ff20874f000 rw-p 00000000 00:00 0 
7ff20874f000-7ff20c000000 ---p 00000000 00:00 0 
7ff20c000000-7ff20c021000 rw-p 00000000 00:00 0 
7ff20c021000-7ff210000000 ---p 00000000 00:00 0 
7ff210000000-7ff210021000 rw-p 00000000 00:00 0 
7ff210021000-7ff214000000 ---p 00000000 00:00 0 
7ff214000000-7ff214021000 rw-p 00000000 00:00 0 
7ff214021000-7ff218000000 ---p 00000000 00:00 0 
7ff219000000-7ff219270000 rwxp 00000000 00:00 0 
7ff219270000-7ff21c12d000 rw-p 00000000 00:00 0 
7ff21c12d000-7ff220000000 ---p 00000000 00:00 0 
7ff2201f1000-7ff22042c000 rw-p 00000000 00:00 0 
7ff22042c000-7ff22042e000 r--s 00012000 ca:01 143674                     /usr/lib/jvm/java-7-openjdk-amd64/jre/lib/ext/zipfs.jar
7ff22042e000-7ff220430000 r--s 00006000 ca:01 13658                      /usr/share/java/java-atk-wrapper.jar
7ff220430000-7ff220433000 r--s 0000f000 ca:01 143673                     /usr/lib/jvm/java-7-openjdk-amd64/jre/lib/ext/icedtea-sound.jar
7ff220433000-7ff220437000 r--s 00034000 ca:01 143677                     /usr/lib/jvm/java-7-openjdk-amd64/jre/lib/ext/sunjce_provider.jar
7ff220437000-7ff22043b000 r--s 0003c000 ca:01 143675                     /usr/lib/jvm/java-7-openjdk-amd64/jre/lib/ext/sunpkcs11.jar
7ff22043b000-7ff22043c000 ---p 00000000 00:00 0 
7ff22043c000-7ff22053c000 rw-p 00000000 00:00 0                          [stack:17004]
7ff22053c000-7ff22053f000 ---p 00000000 00:00 0 
7ff22053f000-7ff22063d000 rw-p 00000000 00:00 0                          [stack:17003]
7ff22063d000-7ff220640000 ---p 00000000 00:00 0 
7ff220640000-7ff22073e000 rw-p 00000000 00:00 0                          [stack:17002]
7ff22073e000-7ff220741000 ---p 00000000 00:00 0 
7ff220741000-7ff22083f000 rw-p 00000000 00:00 0                          [stack:17001]
7ff22083f000-7ff220842000 ---p 00000000 00:00 0 
7ff220842000-7ff220940000 rw-p 00000000 00:00 0                          [stack:17000]
7ff220940000-7ff220ac9000 r--p 00000000 ca:01 1579                       /usr/lib/locale/locale-archive
7ff220ac9000-7ff220acc000 ---p 00000000 00:00 0 
7ff220acc000-7ff220bca000 rw-p 00000000 00:00 0                          [stack:16999]
7ff220bca000-7ff220bcd000 ---p 00000000 00:00 0 
7ff220bcd000-7ff220ccb000 rw-p 00000000 00:00 0                          [stack:16998]
7ff220ccb000-7ff220ccc000 ---p 00000000 00:00 0 
7ff220ccc000-7ff220e15000 rw-p 00000000 00:00 0                          [stack:16997]
7ff220e15000-7ff220fc6000 r--s 01d25000 ca:01 143679                     /usr/lib/jvm/java-7-openjdk-amd64/jre/lib/rt.jar
7ff220fc6000-7ff2210a2000 rw-p 00000000 00:00 0 
7ff2210a2000-7ff2210eb000 rw-p 00000000 00:00 0 
7ff2210eb000-7ff2211cc000 rw-p 00000000 00:00 0 
7ff2211cc000-7ff2218ec000 rw-p 00000000 00:00 0 
7ff2218ec000-7ff22194d000 rw-p 00000000 00:00 0 
7ff22194d000-7ff221cec000 rw-p 00000000 00:00 0 
7ff221cec000-7ff221dcd000 rw-p 00000000 00:00 0 
7ff221dcd000-7ff2224ec000 rw-p 00000000 00:00 0 
7ff2224ec000-7ff2224f7000 rw-p 00000000 00:00 0 
7ff2224f7000-7ff22253f000 rw-p 00000000 00:00 0 
7ff22253f000-7ff222540000 rw-p 00000000 00:00 0 
7ff222540000-7ff222548000 r-xp 00000000 ca:01 143608                     /usr/lib/jvm/java-7-openjdk-amd64/jre/lib/amd64/libzip.so
7ff222548000-7ff222747000 ---p 00008000 ca:01 143608                     /usr/lib/jvm/java-7-openjdk-amd64/jre/lib/amd64/libzip.so
7ff222747000-7ff222748000 r--p 00007000 ca:01 143608                     /usr/lib/jvm/java-7-openjdk-amd64/jre/lib/amd64/libzip.so
7ff222748000-7ff222749000 rw-p 00008000 ca:01 143608                     /usr/lib/jvm/java-7-openjdk-amd64/jre/lib/amd64/libzip.so
7ff222749000-7ff222754000 r-xp 00000000 ca:01 399672                     /lib/x86_64-linux-gnu/libnss_files-2.19.so
7ff222754000-7ff222953000 ---p 0000b000 ca:01 399672                     /lib/x86_64-linux-gnu/libnss_files-2.19.so
7ff222953000-7ff222954000 r--p 0000a000 ca:01 399672                     /lib/x86_64-linux-gnu/libnss_files-2.19.so
7ff222954000-7ff222955000 rw-p 0000b000 ca:01 399672                     /lib/x86_64-linux-gnu/libnss_files-2.19.so
7ff222955000-7ff222960000 r-xp 00000000 ca:01 399669                     /lib/x86_64-linux-gnu/libnss_nis-2.19.so
7ff222960000-7ff222b5f000 ---p 0000b000 ca:01 399669                     /lib/x86_64-linux-gnu/libnss_nis-2.19.so
7ff222b5f000-7ff222b60000 r--p 0000a000 ca:01 399669                     /lib/x86_64-linux-gnu/libnss_nis-2.19.so
7ff222b60000-7ff222b61000 rw-p 0000b000 ca:01 399669                     /lib/x86_64-linux-gnu/libnss_nis-2.19.so
7ff222b61000-7ff222b78000 r-xp 00000000 ca:01 399663                     /lib/x86_64-linux-gnu/libnsl-2.19.so
7ff222b78000-7ff222d77000 ---p 00017000 ca:01 399663                     /lib/x86_64-linux-gnu/libnsl-2.19.so
7ff222d77000-7ff222d78000 r--p 00016000 ca:01 399663                     /lib/x86_64-linux-gnu/libnsl-2.19.so
7ff222d78000-7ff222d79000 rw-p 00017000 ca:01 399663                     /lib/x86_64-linux-gnu/libnsl-2.19.so
7ff222d79000-7ff222d7b000 rw-p 00000000 00:00 0 
7ff222d7b000-7ff222d84000 r-xp 00000000 ca:01 399660                     /lib/x86_64-linux-gnu/libnss_compat-2.19.so
7ff222d84000-7ff222f83000 ---p 00009000 ca:01 399660                     /lib/x86_64-linux-gnu/libnss_compat-2.19.so
7ff222f83000-7ff222f84000 r--p 00008000 ca:01 399660                     /lib/x86_64-linux-gnu/libnss_compat-2.19.so
7ff222f84000-7ff222f85000 rw-p 00009000 ca:01 399660                     /lib/x86_64-linux-gnu/libnss_compat-2.19.so
7ff222f85000-7ff222fb0000 r-xp 00000000 ca:01 143615                     /usr/lib/jvm/java-7-openjdk-amd64/jre/lib/amd64/libjava.so
7ff222fb0000-7ff2231af000 ---p 0002b000 ca:01 143615                     /usr/lib/jvm/java-7-openjdk-amd64/jre/lib/amd64/libjava.so
7ff2231af000-7ff2231b0000 r--p 0002a000 ca:01 143615                     /usr/lib/jvm/java-7-openjdk-amd64/jre/lib/amd64/libjava.so
7ff2231b0000-7ff2231b2000 rw-p 0002b000 ca:01 143615                     /usr/lib/jvm/java-7-openjdk-amd64/jre/lib/amd64/libjava.so
7ff2231b2000-7ff2231c2000 r-xp 00000000 ca:01 143630                     /usr/lib/jvm/java-7-openjdk-amd64/jre/lib/amd64/libverify.so
7ff2231c2000-7ff2233c1000 ---p 00010000 ca:01 143630                     /usr/lib/jvm/java-7-openjdk-amd64/jre/lib/amd64/libverify.so
7ff2233c1000-7ff2233c3000 r--p 0000f000 ca:01 143630                     /usr/lib/jvm/java-7-openjdk-amd64/jre/lib/amd64/libverify.so
7ff2233c3000-7ff2233c4000 rw-p 00011000 ca:01 143630                     /usr/lib/jvm/java-7-openjdk-amd64/jre/lib/amd64/libverify.so
7ff2233c4000-7ff2233cb000 r-xp 00000000 ca:01 399461                     /lib/x86_64-linux-gnu/librt-2.19.so
7ff2233cb000-7ff2235ca000 ---p 00007000 ca:01 399461                     /lib/x86_64-linux-gnu/librt-2.19.so
7ff2235ca000-7ff2235cb000 r--p 00006000 ca:01 399461                     /lib/x86_64-linux-gnu/librt-2.19.so
7ff2235cb000-7ff2235cc000 rw-p 00007000 ca:01 399461                     /lib/x86_64-linux-gnu/librt-2.19.so
7ff2235cc000-7ff2235e2000 r-xp 00000000 ca:01 396026                     /lib/x86_64-linux-gnu/libgcc_s.so.1
7ff2235e2000-7ff2237e1000 ---p 00016000 ca:01 396026                     /lib/x86_64-linux-gnu/libgcc_s.so.1
7ff2237e1000-7ff2237e2000 rw-p 00015000 ca:01 396026                     /lib/x86_64-linux-gnu/libgcc_s.so.1
7ff2237e2000-7ff2238e7000 r-xp 00000000 ca:01 399662                     /lib/x86_64-linux-gnu/libm-2.19.so
7ff2238e7000-7ff223ae6000 ---p 00105000 ca:01 399662                     /lib/x86_64-linux-gnu/libm-2.19.so
7ff223ae6000-7ff223ae7000 r--p 00104000 ca:01 399662                     /lib/x86_64-linux-gnu/libm-2.19.so
7ff223ae7000-7ff223ae8000 rw-p 00105000 ca:01 399662                     /lib/x86_64-linux-gnu/libm-2.19.so
7ff223ae8000-7ff223bce000 r-xp 00000000 ca:01 7890                       /usr/lib/x86_64-linux-gnu/libstdc++.so.6.0.19
7ff223bce000-7ff223dcd000 ---p 000e6000 ca:01 7890                       /usr/lib/x86_64-linux-gnu/libstdc++.so.6.0.19
7ff223dcd000-7ff223dd5000 r--p 000e5000 ca:01 7890                       /usr/lib/x86_64-linux-gnu/libstdc++.so.6.0.19
7ff223dd5000-7ff223dd7000 rw-p 000ed000 ca:01 7890                       /usr/lib/x86_64-linux-gnu/libstdc++.so.6.0.19
7ff223dd7000-7ff223dec000 rw-p 00000000 00:00 0 
7ff223dec000-7ff224902000 r-xp 00000000 ca:01 143637                     /usr/lib/jvm/java-7-openjdk-amd64/jre/lib/amd64/server/libjvm.so
7ff224902000-7ff224b01000 ---p 00b16000 ca:01 143637                     /usr/lib/jvm/java-7-openjdk-amd64/jre/lib/amd64/server/libjvm.so
7ff224b01000-7ff224b9b000 r--p 00b15000 ca:01 143637                     /usr/lib/jvm/java-7-openjdk-amd64/jre/lib/amd64/server/libjvm.so
7ff224b9b000-7ff224bbe000 rw-p 00baf000 ca:01 143637                     /usr/lib/jvm/java-7-openjdk-amd64/jre/lib/amd64/server/libjvm.so
7ff224bbe000-7ff224bec000 rw-p 00000000 00:00 0 
7ff224bec000-7ff224c04000 r-xp 00000000 ca:01 396085                     /lib/x86_64-linux-gnu/libz.so.1.2.8
7ff224c04000-7ff224e03000 ---p 00018000 ca:01 396085                     /lib/x86_64-linux-gnu/libz.so.1.2.8
7ff224e03000-7ff224e04000 r--p 00017000 ca:01 396085                     /lib/x86_64-linux-gnu/libz.so.1.2.8
7ff224e04000-7ff224e05000 rw-p 00018000 ca:01 396085                     /lib/x86_64-linux-gnu/libz.so.1.2.8
7ff224e05000-7ff224e1e000 r-xp 00000000 ca:01 399671                     /lib/x86_64-linux-gnu/libpthread-2.19.so
7ff224e1e000-7ff22501d000 ---p 00019000 ca:01 399671                     /lib/x86_64-linux-gnu/libpthread-2.19.so
7ff22501d000-7ff22501e000 r--p 00018000 ca:01 399671                     /lib/x86_64-linux-gnu/libpthread-2.19.so
7ff22501e000-7ff22501f000 rw-p 00019000 ca:01 399671                     /lib/x86_64-linux-gnu/libpthread-2.19.so
7ff22501f000-7ff225023000 rw-p 00000000 00:00 0 
7ff225023000-7ff225026000 r-xp 00000000 ca:01 399464                     /lib/x86_64-linux-gnu/libdl-2.19.so
7ff225026000-7ff225225000 ---p 00003000 ca:01 399464                     /lib/x86_64-linux-gnu/libdl-2.19.so
7ff225225000-7ff225226000 r--p 00002000 ca:01 399464                     /lib/x86_64-linux-gnu/libdl-2.19.so
7ff225226000-7ff225227000 rw-p 00003000 ca:01 399464                     /lib/x86_64-linux-gnu/libdl-2.19.so
7ff225227000-7ff2253e2000 r-xp 00000000 ca:01 399460                     /lib/x86_64-linux-gnu/libc-2.19.so
7ff2253e2000-7ff2255e2000 ---p 001bb000 ca:01 399460                     /lib/x86_64-linux-gnu/libc-2.19.so
7ff2255e2000-7ff2255e6000 r--p 001bb000 ca:01 399460                     /lib/x86_64-linux-gnu/libc-2.19.so
7ff2255e6000-7ff2255e8000 rw-p 001bf000 ca:01 399460                     /lib/x86_64-linux-gnu/libc-2.19.so
7ff2255e8000-7ff2255ed000 rw-p 00000000 00:00 0 
7ff2255ed000-7ff2255fa000 r-xp 00000000 ca:01 143613                     /usr/lib/jvm/java-7-openjdk-amd64/jre/lib/amd64/jli/libjli.so
7ff2255fa000-7ff2257f9000 ---p 0000d000 ca:01 143613                     /usr/lib/jvm/java-7-openjdk-amd64/jre/lib/amd64/jli/libjli.so
7ff2257f9000-7ff2257fa000 r--p 0000c000 ca:01 143613                     /usr/lib/jvm/java-7-openjdk-amd64/jre/lib/amd64/jli/libjli.so
7ff2257fa000-7ff2257fb000 rw-p 0000d000 ca:01 143613                     /usr/lib/jvm/java-7-openjdk-amd64/jre/lib/amd64/jli/libjli.so
7ff2257fb000-7ff22581e000 r-xp 00000000 ca:01 399458                     /lib/x86_64-linux-gnu/ld-2.19.so
7ff22581e000-7ff22581f000 r--s 00002000 ca:01 143678                     /usr/lib/jvm/java-7-openjdk-amd64/jre/lib/ext/dnsns.jar
7ff22581f000-7ff225823000 r--s 00085000 ca:01 143676                     /usr/lib/jvm/java-7-openjdk-amd64/jre/lib/ext/localedata.jar
7ff225823000-7ff225855000 rw-p 00000000 00:00 0 
7ff225855000-7ff22590b000 rw-p 00000000 00:00 0 
7ff22590b000-7ff22590e000 ---p 00000000 00:00 0 
7ff22590e000-7ff225a11000 rw-p 00000000 00:00 0                          [stack:16996]
7ff225a11000-7ff225a19000 rw-s 00000000 ca:01 164791                     /tmp/hsperfdata_root/16995
7ff225a19000-7ff225a1a000 rw-p 00000000 00:00 0 
7ff225a1a000-7ff225a1b000 ---p 00000000 00:00 0 
7ff225a1b000-7ff225a1d000 rw-p 00000000 00:00 0 
7ff225a1d000-7ff225a1e000 r--p 00022000 ca:01 399458                     /lib/x86_64-linux-gnu/ld-2.19.so
7ff225a1e000-7ff225a1f000 rw-p 00023000 ca:01 399458                     /lib/x86_64-linux-gnu/ld-2.19.so
7ff225a1f000-7ff225a20000 rw-p 00000000 00:00 0 
7fffd4bd7000-7fffd4bf8000 rw-p 00000000 00:00 0                          [stack]
7fffd4bfe000-7fffd4c00000 r-xp 00000000 00:00 0                          [vdso]
ffffffffff600000-ffffffffff601000 r-xp 00000000 00:00 0                  [vsyscall]

VM Arguments:
jvm_args: -Xmx6g 
java_command: A
Launcher Type: SUN_STANDARD

Environment Variables:
PATH=/usr/local/sbin:/usr/local/bin:/usr/sbin:/usr/bin:/sbin:/bin
USERNAME=root
SHELL=/usr/bin/zsh

Signal Handlers:
SIGSEGV: [libjvm.so+0x9495e0], sa_mask[0]=0x7ffbfeff, sa_flags=0x10000004
SIGBUS: [libjvm.so+0x9495e0], sa_mask[0]=0x7ffbfeff, sa_flags=0x10000004
SIGFPE: [libjvm.so+0x7c3410], sa_mask[0]=0x7ffbfeff, sa_flags=0x10000004
SIGPIPE: [libjvm.so+0x7c3410], sa_mask[0]=0x7ffbfeff, sa_flags=0x10000004
SIGXFSZ: [libjvm.so+0x7c3410], sa_mask[0]=0x7ffbfeff, sa_flags=0x10000004
SIGILL: [libjvm.so+0x7c3410], sa_mask[0]=0x7ffbfeff, sa_flags=0x10000004
SIGUSR1: SIG_DFL, sa_mask[0]=0x00000000, sa_flags=0x00000000
SIGUSR2: [libjvm.so+0x7c32b0], sa_mask[0]=0x00000000, sa_flags=0x10000004
SIGHUP: [libjvm.so+0x7c3490], sa_mask[0]=0x7ffbfeff, sa_flags=0x10000004
SIGINT: [libjvm.so+0x7c3490], sa_mask[0]=0x7ffbfeff, sa_flags=0x10000004
SIGTERM: [libjvm.so+0x7c3490], sa_mask[0]=0x7ffbfeff, sa_flags=0x10000004
SIGQUIT: [libjvm.so+0x7c3490], sa_mask[0]=0x7ffbfeff, sa_flags=0x10000004
SIGTRAP: SIG_DFL, sa_mask[0]=0x00000000, sa_flags=0x00000000


---------------  S Y S T E M  ---------------

OS:Ubuntu 14.04 (trusty)
uname:Linux 3.13.0-36-generic #63-Ubuntu SMP Wed Sep 3 21:30:07 UTC 2014 x86_64
libc:glibc 2.19 NPTL 2.19 
rlimit: STACK 8192k, CORE 0k, NPROC 7861, NOFILE 4096, AS infinity
load average:0.09 0.03 0.05

/proc/meminfo:
MemTotal:        1016256 kB
MemFree:           75360 kB
Buffers:            7296 kB
Cached:           118724 kB
SwapCached:            0 kB
Active:           825932 kB
Inactive:          47988 kB
Active(anon):     748044 kB
Inactive(anon):      524 kB
Active(file):      77888 kB
Inactive(file):    47464 kB
Unevictable:           0 kB
Mlocked:               0 kB
SwapTotal:             0 kB
SwapFree:              0 kB
Dirty:               200 kB
Writeback:             0 kB
AnonPages:        747948 kB
Mapped:            26816 kB
Shmem:               608 kB
Slab:              48632 kB
SReclaimable:      37460 kB
SUnreclaim:        11172 kB
KernelStack:        1496 kB
PageTables:         5032 kB
NFS_Unstable:          0 kB
Bounce:                0 kB
WritebackTmp:          0 kB
CommitLimit:      508128 kB
Committed_AS:    1232284 kB
VmallocTotal:   34359738367 kB
VmallocUsed:        2464 kB
VmallocChunk:   34359728491 kB
HardwareCorrupted:     0 kB
AnonHugePages:    462848 kB
HugePages_Total:       0
HugePages_Free:        0
HugePages_Rsvd:        0
HugePages_Surp:        0
Hugepagesize:       2048 kB
DirectMap4k:       22528 kB
DirectMap2M:     1157120 kB


CPU:total 1 (1 cores per cpu, 1 threads per core) family 6 model 62 stepping 4, cmov, cx8, fxsr, mmx, sse, sse2, sse3, ssse3, sse4.1, sse4.2, popcnt, avx, aes, erms, tsc

/proc/cpuinfo:
processor	: 0
vendor_id	: GenuineIntel
cpu family	: 6
model		: 62
model name	: Intel(R) Xeon(R) CPU E5-2670 v2 @ 2.50GHz
stepping	: 4
microcode	: 0x415
cpu MHz		: 2494.048
cache size	: 25600 KB
physical id	: 0
siblings	: 1
core id		: 0
cpu cores	: 1
apicid		: 0
initial apicid	: 0
fpu		: yes
fpu_exception	: yes
cpuid level	: 13
wp		: yes
flags		: fpu vme de pse tsc msr pae mce cx8 apic sep mtrr pge mca cmov pat pse36 clflush mmx fxsr sse sse2 ht syscall nx rdtscp lm constant_tsc rep_good nopl xtopology eagerfpu pni pclmulqdq ssse3 cx16 pcid sse4_1 sse4_2 x2apic popcnt tsc_deadline_timer aes xsave avx f16c rdrand hypervisor lahf_lm xsaveopt fsgsbase smep erms
bogomips	: 4988.09
clflush size	: 64
cache_alignment	: 64
address sizes	: 46 bits physical, 48 bits virtual
power management:



Memory: 4k page, physical 1016256k(75360k free), swap 0k(0k free)

vm_info: OpenJDK 64-Bit Server VM (24.65-b04) for linux-amd64 JRE (1.7.0_65-b32), built on Oct 22 2014 04:37:44 by "buildd" with gcc 4.8.2

time: Mon Feb 16 14:47:52 2015
elapsed time: 3 seconds

