0 0 9 0 4 3 1
1 0 4 0 4 3 1
0 4 6
2 5 9 0 4 3 6
0 0 9 1 6 9 -2
1 0 4 1 6 9 -2
3 0 2 1 6 9 -2
7 0 1 1 6 9 -2
15 0 0 1 6 9 -2
16 1 1 1 6 9 -1
1 6 10
8 2 2 1 6 9 0
1 6 9
4 3 4 1 6 9 1
1 6 21
2 5 9 1 6 9 4
5 5 7 1 6 9 4
11 5 6 1 6 9 4
1 6 9
12 7 7 1 6 9 7
6 8 9 1 6 9 8
0 0 9 9 9 11 -2
1 0 4 9 9 11 -2
2 5 9 9 9 11 4
5 5 7 9 9 11 4
6 8 9 9 9 11 8
13 8 8 9 9 11 8
14 9 9 9 9 11 10
9 9 1
0 0 9 2 7 12 -2
1 0 4 2 7 12 -2
3 0 2 2 7 12 -2
7 0 1 2 7 12 -2
8 2 2 2 7 12 0
2 7 21
4 3 4 2 7 12 1
2 7 51
2 5 9 2 7 12 4
5 5 7 2 7 12 4
2 7 26
6 8 9 2 7 12 8
0 0 9 0 9 3 -2
1 0 4 0 9 3 -2
3 0 2 0 9 3 -2
7 0 1 0 9 3 -2
15 0 0 0 9 3 -2
