Case #1: 
44.721359549995796
24.999999999944684
24.99999999993449
Case #2: 
49999.99999999991
49999.99999999991
Case #3: 
10140.97414264181
Case #4: 
1.4142135623730951
0.4515236409857309
Case #5: 
2.2479725938983663
2.8324192609951826
3.056485770154655
1.3714206874576287
1.9916024821553557
1.4757757656329256
1.214945050646932
3.267520731276744
2.816551241120024
1.6920115915106644
1.8747937180256697
1.487224934645237
1.471269569569582
2.392865740406867
1.334796353341344
1.5500668617203976
1.2031220006383307
1.305634662816938
1.2130550649799765
1.4623796418397892
1.2410198031634376
2.2321416040096733
1.2717358502821796
1.3256793513418912
1.3815216793585376
1.5001320596912362
3.468990963534605
1.5345658036195367
2.071238810828042
1.8610251567741747
1.348399724926484
3.056485770154655
1.393751936193928
1.227123648875224
1.3966207253758804
1.4803236216082476
1.2093014044127819
1.641492355663038
1.542257910982012
1.7058241602151643
1.4514905875740371
1.2849757938177957
1.8475555576116076
1.2553989951684374
1.3458174058154837
1.6768664789179881
1.4690318959254085
1.9778386511612993
2.75564563899289
2.319221394948718
1.4283661593084147
2.5121924908555697
1.2336823468399833
1.770496494389241
3.2312809334052393
1.4735174999401837
1.3281472641539052
2.46340741014881
3.7682887362833544
2.29756619250065
1.843130268484263
2.8986836432948877
3.357058425145632
1.5714850356879968
1.2410198031634376
3.5293257643461016
3.0365735987753073
1.3518660538462484
1.4182141745022883
1.6446160356636148
1.6171274807925435
1.3256793513418912
1.4387393250624136
1.4222489313731344
1.3339597525989622
1.367802156910113
2.332512170776376
1.2645549015756885
1.8794515977959398
2.2890723882227895
1.2560962454277849
1.3553592536073007
1.4324884367377222
1.6852299546352716
1.4142135623730951
2.3061552549481776
1.2086791757096829
2.960647243216495
1.8387366263150307
3.330728148618557
1.8865039737853109
1.7058241602151643
3.3977515281660122
3.6093660019149922
2.3551804601770967
1.7803490829449309
1.6509172696092465
1.2917527421631496
1.39090075297706
1.5435512092478403
1.5909727514637635
2.0557700445795186
1.2043503031538805
1.6686262989328067
1.6068037160207782
1.891249903231604
2.0171187144809934
2.2014577857075888
2.490155288821445
1.312745584975926
1.3032899114554042
1.5487571302979202
1.6112039170003347
3.151201347116672
1.2581949874852019
2.9247592836795784
1.5938163153974774
1.5244864446112993
1.5097330028743152
1.3687041036991339
1.3356345300979418
1.6352980227934497
1.2902374891581294
2.9698275667785015
1.2533141905272562
1.204965866855281
1.2396759805677193
1.252621560360775
2.2682432709548337
1.293273346270742
1.3331247229380436
1.2674126564102788
2.280672094244414
2.4324199198877374
1.2136840798342678
1.4482710111417136
1.3651069776275608
1.2464391293931187
1.9724124717979528
1.980568588487068
1.329800217206963
3.0767948691238205
1.6024393701168673
1.3995073024658258
1.6954332564644077
1.6903085094570331
1.2232382871995184
1.403384061422872
1.259600007451155
1.2430437563480479
1.2232382871995184
1.7903680088807095
1.2105487501847199
2.881682419568725
1.3787447485520927
1.8794515977959398
1.6702646167539903
1.881793594465019
2.4686880323075187
1.7128585164924337
1.2746426788751695
1.3995073024658258
1.4192196437349367
1.3079921152262255
3.017045591727792
1.4558169476533191
3.713005220436714
1.3095708630733307
1.6216132799251581
1.5307626607127387
3.0871024184956806
2.8732932244183456
2.581988897471611
1.3183573474104948
1.9330913339165219
2.034684666222778
2.15771585360956
1.4977603079159243
2.6712690601958835
1.6669927926196297
2.276506479636027
1.6621209084771442
1.4942236788766676
1.224529304220793
1.7608056909331897
2.600366274566866
2.793241450751761
1.6588966165786596
1.9255055963477694
2.7855991889591825
1.5593289740510397
1.776388345929897
2.412399662399981
1.6038901982729186
1.3306290114396229
1.3880669963771486
2.240015143815543
1.5728533294044982
1.5811388300841898
1.5133811749341806
2.8986836432948877
1.4656944469432578
1.2484897572606002
1.6621209084771442
1.4918797971531101
1.7146307451263392
2.080689379192129
2.741026726106025
1.2505505395554306
2.1333733970597017
1.7783654064704917
1.4345630047135447
1.2356705549741434
1.3759844960366863
1.4536489390823488
2.9247592836795784
3.6429422226248906
2.0870621027796217
3.483784169082829
1.758886556094886
1.489546910976623
1.6937198318160145
2.625491169951852
1.620113868342458
1.3843154570943492
1.227123648875224
1.239005704238336
2.369102830470614
1.268848818521355
1.2652675276686418
1.357996997108552
2.1065374432940893
1.6637401206570155
1.4408412097843626
1.7006049001683425
1.4504150108516196
1.3224101001226525
1.5797488176571866
2.5234327818438724
1.2574942383428558
1.6383864070797192
1.2238832850229835
1.4122259105652715
1.8453389334689978
Case #6: 
60.70525329104833
60.705253291047995
72.23369535658573
60.70525329104805
62.12502264126649
60.70525329104958
60.70525329105044
60.705253291048365
70.10721859728507
83.36755026687543
60.70525329104839
75.88182773191006
60.70525329104843
117.89952024923596
60.705253291048535
60.70525329104817
89.93022547811972
60.705253291049786
60.70525329104951
60.705253291049935
60.705253291047946
60.70525329105038
60.70525329104798
60.705253291049615
60.70525329104939
111.93679051331844
60.75660577441943
60.70525329104902
60.70525329104799
60.705253291049445
60.70525329104942
60.70525329104849
84.02659254050621
60.705253291048976
72.6611174026098
60.70525329104911
60.70525329104896
67.19994410198304
60.7052532910496
64.10222061849113
103.2187955775451
60.70525329104867
62.87974413292585
69.1584980278083
71.91803312363383
93.62007910604787
88.5327784689723
122.79368117127697
60.70525329104909
60.70525329104821
60.7052532910493
65.47763344782484
60.70525329104879
87.76291360437509
60.70525329104835
60.70525329105047
60.70525329105007
60.70525329105018
81.17740061353511
60.70525329104966
119.30592608919308
60.70525329104955
64.93230160304803
60.705253291049196
60.70525329105015
60.70525329104924
60.70525329104926
75.03665770808293
60.70525329104891
60.70525329104877
60.70525329104864
85.21851863513791
121.26189129727335
60.70525329104819
60.705253291050234
65.79548790540626
74.21911330773064
60.705253291049736
60.70525329104916
87.19851602281541
60.70525329104904
60.70525329105032
90.54972918911021
73.87682502702468
108.91091160515859
60.70525329104815
60.70525329104854
60.705253291050205
66.61082865244649
61.396840585638486
60.70525329104848
66.03694004858487
104.1585915569232
114.80218090585535
71.50351651186968
60.705253291048066
98.06886714295574
60.70525329104829
60.705253291049054
81.78547952817868
113.13829316944359
60.705253291049864
60.70525329104907
75.51613004806256
106.45527753310158
63.374589548583806
67.54368007407294
60.70525329105009
82.88332032227467
60.70525329104808
60.70525329105002
61.6586619891366
95.27720030500049
77.26964032164406
60.70525329104793
60.70525329104918
60.70525329104981
60.70525329104862
110.39276083075202
102.00441453581959
60.70525329104953
63.09039713213753
60.7052532910494
60.70525329104996
64.62673613508714
60.705253291049125
60.7052532910487
133.3880804270007
60.705253291048024
60.70525329105028
60.7052532910482
92.04652032946116
61.92386175919921
60.70525329104852
60.705253291048656
60.70525329104844
126.6063630753651
60.70525329104983
84.53126129749978
60.70525329104885
60.70525329104834
60.70525329105012
60.70525329104889
60.705253291048614
60.705253291049495
78.1934775494189
101.12124280845462
92.9358793464769
116.09942186581188
60.70525329104928
66.3630503777934
80.7301388042614
60.70525329104932
60.70525329104888
82.2506139679143
124.9293835620467
60.70525329104895
62.39631224024077
97.28325608702464
130.79777403422312
99.14657936053582
70.79504239824293
60.7052532910481
60.70525329104991
60.705253291048145
60.705253291050354
60.70525329104825
60.70525329104876
60.705253291048564
60.705253291048386
60.705253291049985
60.70525329104871
61.202648721491755
63.590272269213685
80.14513009070681
60.70525329104875
60.705253291048265
60.70525329104797
60.70525329104915
63.88130478408711
60.705253291048045
89.12366007808636
91.39600673414762
69.8185122838796
68.1581251657472
60.70525329104886
128.95112455253923
60.70525329104845
67.8049718817603
76.75621509878786
70.49779108231714
78.59968016615731
76.37779266982488
60.7052532910483
60.70525329104822
60.70525329104881
60.70525329105026
60.70525329104969
60.705253291048464
62.602128012696674
60.705253291050035
60.70525329104795
60.70525329104824
60.705253291048926
60.70525329104851
68.7896500750426
96.26455517652036
60.70525329104813
79.15126363622547
60.705253291048166
60.705253291048095
64.40037209060151
60.70525329104831
77.66154295555354
99.97859321436562
60.70525329104828
60.70525329104859
60.70525329104873
72.98671029879016
65.24224275141414
60.70525329104883
60.9465695702388
60.705253291049
107.83787152919753
60.70525329104946
60.705253291049715
71.19729019460033
74.68298728185485
86.46265041025742
73.42772162494424
85.74510563580797
60.70525329104976
60.70525329104922
60.70525329104812
60.70525329105041
60.70525329104802
60.70525329104868
60.70525329104804
105.45253671676181
60.70525329104858
79.71462493527414
66.94555854247712
60.705253291049644
68.42664147214808
60.70525329104841
60.705253291049885
60.70525329104934
94.55630318684106
69.43906103794879
60.70525329104936
Case #7: 
59.55179551257726
50.29761185892059
62.3102162275315
60.59794731401492
95.4259403503215
51.36270581403562
56.8604717447527
52.64187276697843
71.3448109625504
72.46842041656461
47.447897690514026
52.704803328452854
58.78050353558355
50.238198762385835
47.15640867103264
47.89514823757983
46.90486995258754
51.327860762310465
48.24952701679875
50.433281739094355
51.08874777456653
52.60021566911496
49.89263865871642
67.94546376699205
47.364369393988184
47.5421822794042
80.54414613815322
51.521706116159535
47.85484075866649
49.67212049875448
51.75794201971111
48.143051457168866
52.98385162381541
53.027724685489375
49.09015254229131
49.316501467606784
49.44588755740973
50.4180691328619
54.1136589520501
48.603696586867
56.38005668193172
60.28755883715973
48.0592402692113
79.2594681482234
61.70736420258235
56.48078710169426
71.71352045147444
82.45239390262707
50.9065552181619
53.457772224693855
49.202297437117494
47.735583044418625
48.121985920646765
52.662790018009474
54.66463817475457
65.26821519057413
55.28541846369407
58.43821571576764
72.08800613328303
64.85204804470881
56.96694960271441
88.75532624303702
57.90760343246085
71.52845299339883
47.112211714117684
87.04504405568699
51.415303549593844
49.3679363570557
56.41350298031229
95.86670916395288
61.41852977671999
51.6844057845172
47.04222445424423
55.31478656478973
47.336800567931576
50.68153446351984
47.318496476860034
64.71508474917441
64.44374147967808
57.002730455398506
73.64684598472135
48.34702578080409
50.34252622502705
50.32752074790001
54.52995350303705
49.65858719780422
55.76824674047902
60.54554074351965
53.81528164525511
52.76827458394224
50.17931852072808
49.51159191108728
54.88493348851043
48.6151094755806
48.895679535718685
47.60912805854416
59.9865923411125
68.58647290393962
49.290941619855545
47.41062069765222
52.72589995515126
67.1689186779394
51.19020985223874
57.07473039381617
50.8414951374387
47.83479206779617
46.973116621906414
72.66089995987335
59.839495049584535
52.23560520655478
61.47565420627476
49.79522785904018
48.02811835253031
50.44852933024813
53.04975793201608
50.98876690983087
53.527956065068096
48.83615009722828
52.39540702183908
57.86803030773228
51.4329249132639
47.007561763742956
51.15622232655906
48.2710549579006
55.02572200483483
62.24835168152181
48.88372715572365
94.99119576427739
91.71464589249877
49.47208727276571
52.355125688010865
53.96304490525653
59.272408647751895
49.028716962626056
53.50448984755154
52.55879325947261
55.4035223160297
52.81089297894716
50.729125075287
49.7265425674625
47.29115221340658
60.3899507297689
68.42452114804767
61.70736420258235
54.03798987410647
48.01778118558926
46.81240440491608
50.03439759898279
57.51943055537002
62.1868471625342
49.99154317792025
57.406162195529
51.055258028139946
67.78800013986961
48.238792414407584
48.08008077422542
54.31907335331216
49.577986198478506
60.49340736139938
51.557536892252344
86.71470114080653
90.19859691395372
67.32209771080107
69.92487171764468
74.46516939156163
53.987946818622895
69.41384266411174
59.74264621248476
48.1960484137862
49.48522804857451
46.795760306027184
47.245874081867015
57.44375963897406
51.29319008135542
67.47632952281532
53.00575602104953
63.26359346468169
61.193156488005755
59.22662438495818
56.651321384967716
51.83225096883645
87.71721653996654
47.43855527715032
70.6241378299311
47.47601819072186
49.32932065617297
49.4589738071996
54.82929425806752
90.94714582290823
53.79092530195709
47.103414575343024
54.08835475049675
52.11802817154589
53.67028036044529
71.90003187296465
50.02008133146262
49.63160654187639
63.13643033416892
51.64792326590303
48.55826030208918
49.01650294413857
56.447079504475354
54.293102541243165
76.86436724764572
57.294308717921254
51.38019418655555
68.26371124031031
48.00746233072694
47.17418674639328
56.05257507242925
96.31364263181693
50.80919807141713
65.40872819538636
47.599515933839925
66.12516498984272
85.74579138792026
49.55134491992474
94.13923957931372
49.906675538805985
97.22658856408324
47.40133991637322
48.100995842807855
47.80484920538697
50.267838202423526
55.55355820018069
53.29647832284148
47.79490276422385
54.5032862891195
56.616945439335396
85.11760863223351
81.34560016784354
53.160904069360896
48.28184841580029
Case #8: 
67.03901342761338
95.1934546827301
72.64277518914074
64.80506707270527
71.43131690846457
65.62169052728396
75.54800850478739
111.66019881766287
64.36542282260369
80.90032569878312
74.70918578826564
66.42408162946589
79.79204626502862
67.6128227514384
115.84366933583742
65.44075099759381
68.51887823196772
66.05029471545383
72.0442269875716
69.40041046301987
72.18320553855553
64.58154186697521
82.70683305182853
69.2598482924767
73.66932438267133
64.28495533967953
65.47655764031909
74.78260026071537
73.47416038169344
75.83018548551388
91.49519893727445
119.06856252027721
67.11400832089092
68.50076200482019
71.98922967731667
99.6601003070955
66.8766760050508
78.83438454216858
68.81456031089303
65.10403993304504
72.76135812970806
81.4281076842691
65.00288199442574
68.00992040707433
64.76190019454728
65.36969800319159
70.05366416323346
73.09550382388616
70.95527359458046
65.76995584555125
68.89024089396138
124.18110713156432
77.5115318817547
79.73344644368092
65.48853509562633
78.94296044760138
76.03659843240094
77.80300367997367
65.46460117967794
69.50232203723596
67.08391854339676
65.88327904717751
69.96641446533248
65.33444841656652
79.27507162716816
78.46241855409444
65.99847882958886
75.6278385273057
85.05597285622285
67.66133746720243
70.57374992218689
64.274967322248
68.75826977096689
67.37484055866454
105.48225599177297
65.92146792092129
69.8800704781801
90.84858165503958
68.7769888852426
64.8159030932667
68.48268760044671
66.45154925413964
66.76084155293557
72.97260421083197
126.41878456506807
76.90577280672709
68.18166919635507
64.22525913532276
72.52569967018442
73.86855909285612
68.70237673283212
88.58984543549963
64.26499481817689
68.98586468027172
65.9087150127992
75.66798905147985
64.94733922246056
76.54941865216688
72.9421306026371
72.07185208419091
74.49215894223929
76.46218102542787
69.52285809538328
66.92059355651507
69.10214404167
68.30420888399313
66.14190356186293
73.28293033231029
68.53703644342961
77.41608834266225
67.2509517186212
67.06891966871618
70.52723364538167
66.4791228632902
104.82091871377582
65.17233802101703
69.77339047758349
66.53459077452817
90.42504283710915
66.81852803239438
69.38018040274602
68.28658411273358
68.09531558915964
65.206749302428
64.32506335047216
64.45716477079621
71.58717808320236
71.17753350467572
99.94282456393847
71.22770508767329
73.03385187943255
107.19196633637627
64.38569767973325
121.03677127220472
64.42643930345073
67.596720329906
76.16245501989845
74.6363117918209
66.56248646190097
106.1562708753178
97.74601070476305
69.23996573784765
64.65520669001764
67.45333066857452
74.89375008081547
109.35767938657224
89.39157983532087
112.05827565538006
120.53558166069053
98.01271245751077
66.31525752141098
69.36000060350585
70.27585651354664
68.94747748562037
64.29495891073455
77.18111054069249
71.50890368317935
100.51556750247609
96.95878169404556
73.31453442639668
71.45710338596368
71.61342411536089
83.1938254825753
101.39344938874191
87.04903493295386
99.10177602431344
71.66615032590097
66.32876984787055
71.27816640114382
69.62631900736287
67.69385472797845
67.90868656233805
67.15937463203235
82.22829383911785
78.67345750286178
104.4948808517604
69.79461663962785
80.27177884795158
105.81765351858047
66.93529165716652
67.00922851009653
75.15801891683769
66.1156075634203
76.28985587070133
74.31489286145941
92.15582267102776
92.37923105383096
64.96950072149161
102.60055677966376
67.94228248585611
77.04255411687606
77.36868083908459
71.37996945485342
67.99295482497382
66.46532276809126
122.57870313206313
66.08940950172016
66.89128582893647
78.15317301050132
64.15630978451043
70.66755087198794
79.1078029569642
73.6038243030047
116.73822832940533
66.20807605886132
65.25290632790868
93.75467988319303
75.70829796047863
78.51480596529251
67.23560996121134
79.38796153644168
93.28939324000939
86.12590136582577
70.88243621191559
68.61009239397646
67.64513119645652
77.27448674157709
69.46140430600234
122.05819673348657
71.85319173169299
78.35837680422293
65.14949465841545
70.76239213396289
66.49294962534437
67.72651245220504
64.35530923642952
81.49573082642209
82.07061719578178
69.02443717131547
65.27610384764617
82.38688278845399
71.907359525909
67.71016596901372
66.39671931205118
66.15508847831732
66.43780223621172
66.01139689903607
Case #9: 
57.88277450516332
43.00387579432037
38.78489682304626
36.82411899991129
40.53637196678187
40.568684743508534
47.10838566539932
65.70913465089187
36.824118999911136
36.82411899991123
72.01088694909944
42.0717348677897
48.87455597979609
51.1772078076244
36.82411899991152
36.82411899991164
49.45024786811498
36.82411899991141
36.82411899991117
36.82411899991166
36.82411899991123
41.23161564262094
51.37316464883009
42.58616820424044
48.81808622554937
36.824118999911505
37.62365073527828
38.86998262217667
52.739710740094004
36.82411899991132
39.48168721543753
42.927014471409166
36.82411899991171
42.326607077188065
63.86522370131473
50.29150320002025
37.29260710213747
86.78894611575377
42.144085282142534
91.96970278036238
36.82411899991143
84.07139822793481
44.59036418369648
37.59787228022352
62.285058974272246
52.31834811107493
46.512052945257
36.82411899991149
69.44129504800387
45.070548373729174
36.824118999911704
45.93780805163605
36.82411899991114
36.82411899991115
62.05221681729267
64.37615363336417
36.824118999911335
68.48782240794212
36.824118999911676
36.82411899991169
38.70036734335846
52.81093252911366
52.81093252911366
36.82411899991171
36.82411899991142
95.56205415692081
36.82411899991119
36.82411899991163
36.82411899991146
36.82411899991111
44.719799475358556
46.174480447841525
47.62324670130783
64.89954561018254
36.82411899991113
40.829999424304326
56.78710240890972
36.824118999911185
46.85713915041872
37.21744557373003
36.82411899991118
38.28585663377298
36.82411899991176
90.49809258710795
36.82411899991143
36.82411899991145
36.8241189999114
37.675367118089326
58.26233774918408
70.43573175379318
45.159532761195464
39.01304524277801
47.2610874780764
36.82411899991122
49.9861482023424
37.88438601528624
39.36294503008434
94.31824338102761
45.29400313156156
40.091950388841255
47.94038614370996
68.95961551102624
41.26562110460129
45.11497475058101
53.0263417136364
42.36339683387474
45.890908796885704
37.09317996613394
36.824118999911555
48.64984418731001
36.82411899991129
68.33269690319085
39.541462703436665
40.76419760970753
63.61427882628424
36.824118999911576
41.99975579904587
36.82411899991144
99.13569344230015
67.7225713235009
44.982087938357395
39.541462703436665
87.42946363275433
36.824118999911484
43.634002787527905
43.27617804528141
64.24727231563999
51.24227739246581
59.2449085042206
54.144377698553676
36.8241189999113
38.532953289472026
62.52054207872947
50.10762140261436
53.91511324869603
36.82411899991137
47.94038614370996
68.02558210429223
38.95563086988309
45.612498287201944
37.572146740242495
65.16607463972812
41.1638561627454
89.09493640105308
36.824118999911356
49.567846721150076
46.90706685680466
36.82411899991136
59.14440816297981
83.78495310822188
58.35840102587656
37.75334312517332
66.8372708839969
36.824118999911526
63.73938077372044
36.8241189999114
97.29968837462002
43.67431134373332
42.85056380615473
36.82411899991162
44.76319570049024
36.82411899991126
55.50118998320882
36.82411899991126
36.824118999911356
40.63354279410054
39.0418477902545
36.824118999911185
65.57209772456575
36.82411899991153
36.824118999911356
38.92701857746617
36.824118999911605
73.69667563737187
36.82411899991172
50.16869104307596
41.33388520602879
63.36626899772944
39.42218200118989
53.0263417136364
40.185952746227954
36.82411899991166
49.10241062281935
74.88861293832386
50.2299845186446
41.680361385819644
80.30909039454998
98.66696413349686
40.3441035059296
39.07071422509667
40.99590827282653
44.80671850678539
53.53939359636665
42.437265062307986
36.82411899991128
55.75138444442326
49.50894254499878
49.74582879010449
101.58385698525136
36.82411899991161
36.82411899991177
41.92814491012893
59.75520999132433
97.74911195959218
36.82411899991144
36.82411899991119
36.82411938832158
36.82411899991138
44.80671850678539
41.750708037368916
38.47762956633993
36.82411899991137
40.37595831034445
39.96763396432021
81.33217737724152
64.37615363336417
55.75138444442326
36.82411899991132
36.824118999911285
39.2745881396941
93.91430900505758
71.12292589759855
38.043453416140956
43.95963419095122
81.85860473298558
39.844466848755026
70.94924327962364
50.72855737812613
46.414848966606606
57.32708700482346
59.75520999132433
37.167589629615506
59.85886177779639
38.12374218659364
49.04514831689852
82.94287190590883
43.91853120469274
79.56661753378029
43.39447305787689
54.69091014212429
76.57171326754596
51.704821835456215
36.824118999911555
83.78495310822188
36.8241189999112
36.82411899991117
Case #10: 
100051.1917105265
100066.2374971556
100099.9701436905
100061.5192455761
100132.22831114569
100087.51564362265
100139.37663487776
100066.0873489475
100053.94321813527
100059.45360096346
100047.45784712811
100047.68187114579
100082.44450324852
100061.21947573422
100079.82010092179
100078.41045640026
100126.11703952576
100080.75764203763
100057.1899341039
100109.08144876898
100051.7228446193
100045.30505155634
100080.08464081994
100057.43426442993
100050.74434263357
100046.17669396437
100112.2294845334
100135.31712672442
100091.59773920673
100075.2435030845
100085.99586006992
100073.84920448385
100046.59219784263
100137.98372765853
100044.85198657753
100069.91097271128
100073.02865611593
100056.99669135292
100052.4573343465
100050.34159052481
100072.43083667777
100072.23479357618
100063.81548073744
100047.79507430884
100044.71170086105
100044.52667556009
100081.87055530984
100070.17807452696
100072.92799399809
100060.92403161753
100136.63119615534
100064.78029154627
100081.30840105489
100111.86621222824
100071.65605359612
100045.54906430581
100054.48117619441
100048.61063393662
100079.4281486832
100057.88203583824
100055.92220375796
100054.56537051094
100066.92601810629
100061.64038847102
100057.43426442993
100090.81310311265
100050.24238612982
100047.1004200978
100067.71672874129
100046.93814373585
100050.88074807885
100068.70350772953
100061.70122802185
100107.12395694364
100051.01825505191
100111.50643854788
100054.31394590621
100059.2366671506
100047.40233068861
100045.01732653346
100076.37131603812
100047.1821892515
100049.59562366125
100056.66316261255
100057.14143985433
100106.49446789573
100053.30241191796
100045.45098902838
100045.20853384098
100053.10677904384
100073.53827712957
100089.67298165869
100053.70022714934
100053.0291245539
100064.99277154067
100079.04189992882
100084.08716166942
100047.96639457146
100049.91587534544
100049.94824142911
100049.28143362465
100120.78055667388
100054.1895251752
100062.57228509823
100052.04953962927
100081.4478560774
100048.40285224697
100057.83176751569
100103.50514847995
100059.12908395444
100088.04038595194
100061.1600442005
100104.37544190658
100126.63794911522
100090.81310311265
100074.59027431243
100054.43922438449
100069.21330388615
100065.8640231619
100114.87531675362
100055.74144578844
100046.77752608413
100065.79008131092
100045.67255188346
100068.20478097377
100060.1753915862
100074.16409834013
100048.9426006511
100062.892405915
100055.78647150662
100047.3470077987
100080.89428456867
100045.59833956437
100066.38867026832
100048.64053509345
100122.16855875781
100045.28086444244
100082.29988808393
100086.66149821787
100062.319667232
100112.96675462674
100050.11101771376
100062.82798996568
100088.57465956775
100087.34279883673
100045.23260568675
100048.76069157291
100044.64204762575
100051.79491383457
100044.5727174411
100073.641484006
100053.14573394787
100073.12973505448
100125.60249547454
100069.38576701874
100044.34391820515
100096.54021162495
100078.28596945533
100080.35182172754
100107.76472058824
100092.40302427256
100047.88050553807
100101.55609680351
100049.5007389317
100099.20447786337
100055.07883521427
100046.35711023753
100121.23796305645
100055.87685005054
100056.05892796483
100052.0862209533
100124.09578848156
100052.87482821614
100048.0816325222
100087.0001525167
100068.12270802163
100067.31790128416
100075.02386214367
100051.33175086927
100045.67255188346
100063.2174745576
100089.86002864907
100049.40639451459
100083.78120725993
100058.80980584877
100063.41494407924
100097.00870449391
100093.86476549301
100048.16860581249
100044.41218938422
100099.71295932855
100057.38514872912
100047.62556910263
100119.88103819874
100057.33615837681
100049.09575029205
100096.77360933842
100047.68187114579
100056.52199691045
100070.44825238998
100051.90358252956
100064.92171345792
100052.53250973715
100061.94639424079
100084.55242828552
100046.27953154952
100059.2366671506
100057.68174201479
100056.10472522757
100130.47417659574
100046.671355268
100048.22684979001
100056.90079909544
100081.4478560774
100049.06500582364
100055.1658247806
100049.46923101161
100059.83901909938
100049.69105388036
100094.29528383147
100047.12762943
100045.47544870817
100045.94778264326
100072.72790882425
100045.72222764451
100053.57995204117
100073.23123369829
100051.61530046942
100044.94624397466
100061.57972794786
100045.77206512814
100123.12088097082
100095.6231936624
100111.1501076925
100065.06406272823
100064.15510370814
100062.69974773728
100045.37784507376
100064.08674670137
100071.75154739719
100079.29877223923
100045.35354176887
100049.72298607812
100056.19665626876
100076.83681768767
100052.6458789323
100061.82344774206
100059.61786910634
100092.81369601782
100056.94868488926
Case #11: 
64.23434999991707
64.23434999991701
64.23434999991699
64.23434999991701
64.23434999991699
64.23434999991693
77.64977491586171
64.23434999991701
64.23434999991699
64.23434999991697
64.23434999991701
64.23434999991713
113.72546291851502
64.23434999991692
64.23434999991701
95.44141929020667
68.89048671379719
87.36085461417441
64.23434999991701
64.234349999917
64.2343499999169
64.23434999991692
64.23434999991704
64.23434999991716
120.33734633552845
64.23434999991693
64.2343499999171
64.23434999991704
64.23434999991709
64.23434999991693
73.22338804618389
64.23434999991706
64.23434999991693
64.2343499999171
71.43718278555887
64.23434999991693
130.16474176980492
64.23434999991696
97.28969583774592
129.5187589150355
64.23434999991692
72.87826410741646
64.23434999991693
64.234349999917
64.23434999991704
64.23434999991711
93.6946313180421
64.36232249893732
74.5321143237851
64.23434999991699
64.23434999991699
64.2343499999169
64.23434999991699
64.23434999991704
64.23434999991707
86.39337346101013
64.23434999991713
65.74312255487494
64.23434999991693
64.234349999917
64.23434999991717
66.25210916576104
64.2343499999169
64.2343499999171
64.23434999991701
64.2343499999171
64.23434999991696
64.23434999991699
64.23434999991694
64.2343499999169
64.23434999991716
64.2343499999169
64.23434999991713
64.23434999991713
64.23434999991716
115.05046447103115
64.23434999991704
84.7300298955553
64.2343499999171
64.2343499999169
64.23434999991703
64.23434999991696
120.85492870836278
67.0382526693149
92.27133899537819
64.23434999991694
64.23434999991704
106.27906661238609
64.23434999991693
64.23434999991693
75.65671939219403
64.23434999991697
64.2343499999169
66.6854173106067
64.23434999991696
64.23434999991707
64.23434999991716
114.60366486286553
64.2343499999171
77.10293871114601
112.8671452691305
64.23434999991693
64.2343499999171
64.23434999991714
64.23434999991693
64.23434999991704
64.23434999991707
64.23434999991701
64.23434999991696
64.23434999991692
67.57816677993661
74.90139213022918
89.18741147828646
64.23434999991707
64.23434999991711
104.21519895057386
98.39529605481293
64.234349999917
103.22735486513655
64.2343499999171
64.23434999991694
73.10780251548759
94.43142875569609
64.23434999991696
64.23434999991717
64.23434999991701
64.23434999991713
64.23434999991714
70.1801253917375
64.59967667566909
64.23434999991716
64.23434999991694
64.23434999991704
65.57604954639824
66.94951900677178
64.2343499999171
64.23434999991709
108.4706181415041
64.23434999991696
64.23434999991693
65.08237088490246
64.23434999991696
64.23434999991693
76.43536823513955
64.23434999991706
90.91099909305564
64.52026708612469
70.28235432486638
64.23434999991714
64.23434999991692
64.23434999991697
97.56259874643204
64.234349999917
64.23434999991707
64.2343499999171
79.95956525314341
64.23434999991701
79.51077088399511
64.23434999991713
64.23434999991707
64.23434999991696
124.67521107614269
64.23434999991711
64.23434999991693
64.23434999991696
65.32781124386732
64.23434999991694
64.234349999917
64.23434999991694
64.2343499999169
65.00117014101168
64.23434999991692
83.15920310599718
118.3315834270954
64.23434999991714
64.23434999991713
74.0481344369474
64.2343499999169
64.23434999991701
68.2248625365553
110.0092853223893
64.23434999991704
79.65952830288542
64.23434999991704
64.23434999991693
64.23434999991707
64.23434999991693
64.23434999991701
119.8263574185721
64.2343499999171
106.99475864909635
64.23434999991693
64.23434999991704
81.67262284777345
64.23434999991707
92.97481554986066
64.23434999991694
117.36559515816067
64.23434999991709
64.23434999991704
64.23434999991693
64.23434999991699
66.86113676493005
70.69578350446182
64.23434999991713
64.23434999991701
64.23434999991699
68.13133972009354
64.23434999991709
84.3732702903935
100.12672443831148
89.18741147828646
64.23434999991694
64.23434999991713
86.01528248492066
64.23434999991704
75.150648699795
65.65942662971945
64.23434999991693
64.23434999991696
64.23434999991696
64.23434999991701
64.23434999991693
64.23434999991699
64.23434999991699
96.22054584454898
64.23434999991699
64.23434999991697
64.2343499999171
64.23434999991713
64.23434999991701
68.31877154526819
64.2343499999171
64.2343499999171
64.23434999991696
64.23434999991699
104.88973802454244
64.23434999991716
69.67558883197971
64.23434999991693
64.23434999991713
83.50072077755
64.23434999991713
64.234349999917
64.23434999991701
65.41024384605213
64.23434999991699
64.23434999991696
91.13354777145332
64.234349999917
Case #12: 
65.62048765802774
125.84804221651495
67.08392727214115
74.4694801246225
66.3143562285575
64.8677500387389
76.42310968779117
114.11456231933475
101.09827132605325
75.54967403472531
65.44655530511037
64.41412800855426
71.38359329218687
63.975875735332835
64.83468395172937
64.90702821581837
128.1787595217061
67.7961190280302
65.53567105579094
63.989446699942604
69.24042920499048
65.70033307187289
86.86203356781651
93.98994921141207
65.93904465056384
66.78741507668775
64.52698005020764
64.11331623477872
65.75785769789029
66.70282842086488
65.60483671026671
65.29176199760906
68.85715162871924
64.6127349819369
83.35807801263459
63.96913122579811
90.21548278058114
66.24289180389309
67.4126122894819
68.57179757287619
66.04881761028085
65.00569834734728
64.61761883779238
66.4632492102215
65.74955230026731
64.57891973226333
76.04508704155644
64.12438134995844
66.690943553154
68.88002043976704
85.76478488493883
105.81765351858047
101.39344938874191
65.02961883209733
118.11979391399952
65.63624263005181
64.2712390846318
64.69237917424182
68.44715574547934
65.17271203488636
89.59543775077738
81.91384414490275
64.23529490957003
68.55072506732824
67.77921356844118
64.8075418656436
65.52811314082604
68.97290178271831
76.29647644472708
73.21010526010137
87.23724928227426
64.7543498379203
65.842473748598
64.20008857440905
67.66322669759231
66.84938507682783
64.52233302488858
63.97249947487272
112.86737118521398
64.91270083253659
69.68730474045435
76.93602222074855
72.44118561380901
65.10930604740493
65.26473865908761
67.25106948210556
66.63226642237342
64.87889523321655
69.40032766098483
65.47587749688243
67.22257332016636
65.43928579860466
94.7065284476854
64.4629265280577
67.11115869817816
64.59333885861267
100.51556750247609
88.78825519228141
66.65559287363757
69.11655186016259
93.28939324000939
79.3790416801848
64.0238810944803
65.9933322517761
64.50845199818342
82.54639287542604
64.44058042961184
64.03786428229029
64.53631856783244
65.02361424711975
66.88721074549863
68.67898798999354
65.31911960821276
66.00249819130346
68.92618014054659
65.88590244934093
66.7147614206827
66.09599089636245
67.55118841547478
64.44948815872428
68.06037802393277
64.88448859244426
65.2446884090844
65.51306777653585
67.23678906005843
65.56615692714811
66.18313776154906
65.97510753208391
65.49812035094922
87.42668978610892
94.7065284476854
67.30885499628616
64.73867101495354
65.58928874143643
64.87331323106561
126.41878456506807
64.76487482641572
64.34123621063549
89.59543775077738
68.9964786988071
103.53472376159722
106.4981599114094
65.5055805238963
64.77545501306767
64.20396165571242
67.15246678077901
68.32664661983861
64.54570157381681
63.935846339863936
66.8120453170797
64.259171988084
67.45814212880981
71.90655701100194
92.37923105383096
64.08777905853944
74.94381281915275
65.12183521996961
69.59125051872779
65.04773985821706
65.96604292629458
64.89010041412948
64.65214119528801
64.35388577828533
65.17915408152963
64.05196948652483
64.5038487147173
64.43614703009558
74.4694801246225
67.07040442581513
78.40160195309271
65.4906808054442
70.07553785442244
68.22922847174746
64.39238015910658
64.72828665648386
64.74911154208978
107.89951174941243
65.37486561966877
66.95135185784815
81.29561761625914
64.55041086288341
77.06587213967444
65.21823737371602
64.1280873808816
66.43064963894969
68.38639784109549
65.5584996155599
64.06619805374018
67.11115869817816
68.42678718656556
66.96434828354616
70.57007848470279
70.77084725021187
66.10552994873461
123.64001040890058
63.8650075552383
65.68414831786279
126.99736326093293
64.30383047093014
65.25135003229455
120.04056691351484
132.58913982675958
65.20513229018209
63.929269305868054
85.23152716653912
65.18562174162486
65.77454778280958
64.37088851967971
64.32451447298294
66.03018877807315
77.85902379433547
64.53164496417554
96.19027196682954
67.71243874824108
63.861861574800656
74.23566642308128
68.72274333599098
63.98264434361867
63.90647672434008
104.17186653688114
66.49623989343124
64.67719124197345
65.2446884090844
63.90971354666504
65.23142315008286
69.06807578796267
64.20784925800767
64.37945668908773
64.80215666793069
64.70257066668572
Case #13: 
84.51542547285166
66.74086480129336
66.74086480129779
66.74086480129816
66.74086480129507
66.74086480128896
114.33239009500589
66.74086480129453
117.04114719613057
66.74086480129264
92.45003270420486
66.74086480129849
87.87495503274937
86.71099695241199
66.74086480129229
77.38232325341369
97.59000729485331
66.74086480129985
74.32941462471663
115.47005383792515
66.74086480129358
66.74086480129083
66.7408648012919
66.74086480129638
66.74086480129722
83.91813582966891
81.37884587711595
68.51887098275317
66.74086480129398
101.01525445522108
66.74086480129185
100.2509414234171
66.74086480129611
84.97185773241748
66.74086480129046
66.74086480128892
66.74086480129618
81.92319205190405
70.0140042014005
99.25833339709304
66.74086480129179
82.90266722896783
66.74086480129898
78.32604499879574
91.66984970282114
66.74086480129802
138.67504905630727
69.17144638660747
66.7408648012948
75.80980435789034
96.90031662230184
66.74086480129293
66.74086480129236
66.74086480128973
66.74086480129533
76.24928516630234
86.06629658238704
109.43513103291656
80.9776330178916
134.23121104280486
73.62101738323103
66.74086480128977
66.74086480128861
66.74086480129543
66.74086480129365
89.0870806374748
66.74086480129279
66.74086480129913
66.74086480129863
66.74086480128938
66.74086480129066
96.00307214746387
71.24704998790965
66.74086480129691
66.74086480129382
66.74086480129515
85.59209850218258
70.97734409876762
79.18075824648959
66.74086480128935
136.71718540493265
98.53292781642931
66.74086480129078
75.05866250408016
105.11766624552733
66.74086480129088
69.42101345006233
66.74086480128963
125.0
66.74086480129135
66.74086480129314
66.7408648012905
66.74086480129023
66.74086480128875
66.74086480129374
66.74086480129154
68.84283908215143
66.74086480129733
110.43152607484654
75.48513560963971
71.61148740394329
66.74086480128948
66.74086480129131
66.7408648012965
66.74086480129981
141.4213562373095
66.74086480129743
77.03712157713453
66.74086480129225
66.74086480129321
66.7408648012947
66.74086480129003
66.74086480129256
66.74086480129009
66.74086480128989
66.7408648012925
66.74086480129887
66.74086480129019
66.7408648012916
69.75801064151558
118.67816581938534
66.7408648012912
66.74086480129034
66.74086480128886
66.7408648012927
73.32355751067664
132.4532357065044
66.74086480128958
66.74086480128867
66.74086480128915
66.7408648012994
90.9090909090909
95.34625892455922
66.7408648012917
66.74086480128943
66.74086480129216
68.27887419989189
66.7408648012891
103.97504898200727
121.71612389003691
66.74086480128929
72.54762501100117
66.74086480128852
70.35975447302918
66.74086480129094
66.7408648012963
66.74086480129463
66.740864801297
83.33333333333333
76.58395810674836
66.7408648012958
67.19131406833958
66.74086480129111
66.74086480129756
80.45179867091296
78.68894753646337
66.89000620906512
66.74086480129671
66.74086480129526
66.74086480129561
80.06407690254356
66.74086480129498
94.4911182523068
66.74086480129205
66.74086480129712
66.7408648012943
66.7408648012906
66.74086480128966
66.74086480129287
93.04842103984709
74.02332101976053
66.74086480129328
82.33869695926182
66.7408648012966
66.74086480128953
130.18891098082386
66.74086480129954
66.74086480128997
66.74086480129029
66.74086480129438
66.74086480129071
71.88851546895894
74.74350927519359
105.999788000636
66.7408648012904
90.35079029052513
102.06207261596576
66.74086480128925
119.95202878081344
66.74086480129404
66.74086480129873
107.21125348377949
66.74086480129446
66.74086480128878
70.62245515464487
66.74086480129122
66.740864801289
66.74086480129057
66.74086480129414
66.74086480128906
66.74086480129165
66.74086480128919
66.7408648012939
67.4199862463242
77.8498944161523
103.14212462587935
123.09149097933273
66.74086480129569
66.740864801291
66.74086480129142
89.62214298964416
66.7408648012921
93.86465089278641
87.20414403938946
66.74086480129588
66.740864801296
66.7408648012968
66.74086480129012
67.96276660305848
67.72854614785963
66.74086480129552
66.74086480128884
66.74086480129824
72.26293735299241
66.74086480129198
66.7408648012979
66.74086480129306
66.74086480129344
66.74086480129928
66.7408648012935
88.38834764831844
126.49110640673517
66.74086480129105
111.80339887498948
108.14761408717503
72.93249574894728
66.74086480129148
66.74086480129839
66.74086480129964
66.74086480129768
128.564869306645
112.86652959662007
66.74086480129489
66.74086480128992
66.74086480129243
66.74086480129301
66.74086480129421
66.7408648012887
66.74086480128858
79.55572841757301
Case #14: 
8.166001444325708
8.028342345272662
10.686089713687789
16.23667544879892
19.024515851653902
8.047492341081991
8.057202921720005
8.010596163742544
8.097053293453513
8.073945553025876
8.075875379920037
14.061373411662967
18.710039384525405
13.626700133258204
8.006176701727451
9.874555651525212
8.049230050528509
11.931470990619722
10.573601426213248
8.067303134673839
13.74676148507108
16.440918388835655
15.577518766128671
11.6997698859685
11.110064176752566
10.156742602323595
12.394591533430036
8.008376063777666
13.284552639926389
8.159339930567459
8.121217380996109
10.952912495534301
8.105590851481125
10.983809348154681
15.31859460457586
10.629399182650305
8.042351063591425
8.051859550914958
8.101287876234387
8.023584697924207
13.395722382583946
18.558538596525043
10.861763234046586
9.763726601193682
17.103232090608063
20.665913964787524
15.944098773975458
18.865312083291915
8.077819753286192
11.410842084314844
8.113291265551453
19.885784984366204
8.033195359246438
12.623716130966502
13.509730586241183
14.540486325231953
13.56783722251088
8.188133236743816
11.174846441113012
10.036255033344839
11.240775310706946
8.11553236171482
8.103430700123191
11.737450401832753
8.0827455408883
12.306372678845635
12.220011101822752
11.813916685459585
8.111068589414405
9.698993998425703
8.031566895400168
13.807994578711067
8.07298603798376
12.17750658659919
11.341893766777552
8.29294560816019
12.439418412240286
8.415810753977668
20.462303935601707
19.527453202387363
8.088782199379962
8.158026023388356
15.757611671233535
14.83726153631145
14.761367117705374
8.02124066780614
8.003997756735298
10.385012510752446
8.253171059410144
17.342449751412907
11.852714545844051
8.388035725236382
10.464592314452211
18.12520556912602
8.081752877370661
8.005448133812003
11.207665444055793
15.85003247352398
8.01738420747768
8.13056662955007
13.229995725065292
8.148994768235376
11.588869090314759
13.01830213492491
10.083933472892127
8.084742294893303
8.007640654870544
8.098105626532861
8.12468613912678
14.329233164301678
8.036485271739789
8.001838914851879
14.193407983591511
8.038146969048732
16.545973249380975
12.767444285673866
8.079778856792597
8.071077693378921
9.807608739605653
10.437862788513591
16.137367633735728
9.98924655461922
8.306332131172223
8.018919334151846
8.038982058334895
8.065436577907473
8.069183449878366
8.486473713368216
8.061744074624787
9.133129939949393
8.044052985523807
8.132954388476197
12.093811391476333
10.281676482321776
10.358886651726458
8.053628052312215
14.469033871564147
8.226970450246156
8.002556314235386
11.625484881680299
17.85263055996084
8.443863534285875
8.102357136747575
8.240039514005307
20.072510066689677
8.011340861965671
8.201017797406967
8.01509989656563
8.0466280203959
8.135362910595791
10.231151967800853
8.094961086422668
10.20616743241735
8.151545914881144
8.11779213373934
8.279623598581605
8.025160177306228
8.122368753849617
10.891893009634888
10.60139017696314
9.742005269279352
8.1377924985808
17.465885115193643
12.816455768329185
8.108864082348536
11.274180362986165
12.718990811881548
9.897177801796175
10.83188212314325
10.743697083733654
8.086754448071693
8.02280080991667
8.09288531038419
13.93295635273694
8.034013691186098
8.147727783579569
12.53055090099206
8.01585890039578
10.772852353303973
8.059009591578796
16.65306804539858
8.096005122538344
19.18781941214539
10.518673255056083
8.120070842462246
8.016620333039342
8.063583612607358
12.671084838222953
11.516663595532814
12.96694768569167
18.410659438281428
10.108028927730063
8.013589123901195
8.009853806112076
14.126927955431212
9.677700901393994
8.050979968734303
8.127023274912784
12.916196227992202
11.078092702764067
11.971442529687504
8.090825751392021
11.376211224224953
15.152983311077936
10.546030058747226
8.100222889916958
20.26459587936177
15.489757398670351
10.132297939680885
12.0526057814254
8.02046438623314
8.141477056481758
8.045766699089224
16.87364809399556
8.012087913106857
8.15671813870792
8.000410703332946
8.10667749815941
9.82977285541941
8.118929104512329
13.12286849051513
14.992629768270177
8.129380443359086
8.146466467764178
10.92227491805049
8.161985998373465
17.720875028189376
8.457995533352513
8.140243461316423
8.14396067450178
8.08374200528988
10.332956982393762
8.164656719083727
9.942892492183102
8.142716114066054
11.014969153590284
8.333300812944675
14.686625538120378
8.059917802573185
8.154120253857482
8.040660798683987
8.035658631892332
8.360533894728851
8.029949263929907
8.085746434234846
8.026746021704884
11.481063313770846
Case #15: 
56.5459286425041
60.27487746487748
44.743736999939784
44.743736999939614
44.7437369999397
64.34894520556124
44.74373699993964
47.04797871626876
96.90031661745684
44.74373699993978
84.895271991357
50.73462894064737
80.84520834140206
75.48513560586547
44.74373699993974
91.86304243033192
51.63977794685024
44.85034786893801
50.3952630653772
57.23638070035243
44.7437369999398
55.42739954459796
62.8074292989924
44.743736999939756
44.74373699993967
60.522753263854106
44.743736999939664
82.9026672248227
57.591228369211116
85.12565307161857
44.74373699993973
44.74373699993968
63.37242504927917
44.74373699993976
53.093187317535225
44.74373699993961
65.47706044389126
46.33796017210198
80.06407689854036
44.743736999939685
44.74373699993979
54.86147820209722
44.743736999939685
48.32271356810313
44.74373699993982
54.25256391536467
44.74373699993961
86.06629657808372
63.75767130314595
44.74373699993982
82.68982305533781
54.43310539246008
49.82900618097094
44.74373699993971
79.68190728497548
106.75210253138715
70.14306237968229
70.40333437735612
44.743736999939735
90.7218423207668
48.97021068499067
44.743736999939685
68.0413817405751
53.7797656713155
50.20437123137028
58.47053461754509
44.74373699993962
87.53762190210482
45.086268380062904
87.79025625683991
44.74373699993974
73.02967433037067
80.64778385051879
44.743736999939706
55.555555552777776
44.74373699993979
44.743736999939735
61.721339981750695
67.5737378365699
44.74373699993965
44.74373699993979
44.743736999939614
44.74373699993976
68.63982230202603
52.59516830119194
53.376051265693576
55.110849842723745
77.8498944122598
44.74373699993966
44.74373699993975
44.74373699993964
78.02743146018567
104.97277621104696
44.743736999939784
63.277199713669404
44.74373699993969
83.33333332916666
66.55583256064439
96.22504486012637
95.56369650872112
82.47860988010832
62.16698721291257
81.04408984325858
73.47183583339091
44.74373699993974
65.06000485998254
83.11716348818241
100.88665445601933
44.74373699993962
57.51973085142909
88.30215713325448
114.89699791854036
68.88365902838488
44.743736999939614
44.74373699993964
89.89331499060428
46.20707798692423
61.633355133054906
44.743736999939664
44.74373699993975
44.74373699993971
44.743736999939664
48.11252243006319
44.743736999939806
44.74373699993974
44.74373699993965
44.743736999939806
88.82311833242434
47.910038316738806
62.90054636909887
87.03882797349698
50.63696835165148
60.773712543237714
46.10978832438577
44.743736999939756
44.74373699993971
44.74373699993963
50.251890760448006
70.93269020964424
44.74373699993962
44.743736999939685
44.743736999939635
67.22926454191996
44.74373699993979
44.74373699993967
47.79916132530145
78.38618016304274
52.814773299343884
44.743736999939635
44.7437369999398
108.14761408176766
44.743736999939735
114.33239008928928
55.363653233058464
75.00586005798463
59.002441273562646
44.743736999939614
44.74373699993963
115.47005383215165
77.49842582533793
66.89000620572061
44.74373699993979
44.74373699993972
54.79966243237911
46.63742726039688
62.62242910538383
57.09626695113702
44.74373699993965
82.06099398211877
48.15434123189996
44.743736999939784
44.74373699993975
44.74373699993971
54.98573992007221
48.83862904810851
44.74373699993961
44.743736999939664
50.5398695693999
44.74373699993981
44.7437369999397
58.321184349064374
44.743736999939685
45.88561978834392
51.58821549969638
51.13099925393482
70.7992325369389
86.3063703961053
56.14346140162742
113.22770340879819
53.20579229518118
54.9235036353628
44.74373699993967
44.743736999939806
54.01461292676278
87.2871560900326
83.77078165415057
110.60025271633619
54.37272477998505
45.759273622387
74.69136869359254
92.74777914739627
52.432250506686024
44.743736999939706
44.74373699993973
54.13319619337002
50.4915291761583
66.33581267734915
45.790735087086794
91.57370929454733
44.74373699993973
49.507377146358344
74.84811885276957
44.74373699993968
44.7437369999397
71.61148740036272
44.74373699993968
Case #16: 
20.59364462696709
20.64234526562322
31.384456773761865
20.576765551641813
40.23431371354555
20.56329264821924
20.557089089992907
42.72139565907022
28.388309282098923
35.58662899552732
25.971137826441105
20.590191925845623
20.571560024219117
37.272894396818955
33.58950052404092
42.93236679722982
20.65891806490108
25.877547836191678
20.555865348336873
33.091850782863354
28.95803114107669
20.545661543640584
33.89908771852346
40.76960527507857
36.33590335109925
29.916711306301956
20.629653481739226
26.5046809678507
20.628103171040873
31.057526433805517
20.59643354237518
20.565812267340558
20.551618915049566
20.618942637894705
20.64477748984231
20.655536714859608
26.914043894496118
31.219707831241195
34.65609847184652
34.00420142108493
40.06051456966332
20.58206496331565
20.61744192096056
20.662333057994545
20.651359395139472
20.56455044958093
34.217395995008815
42.10666726982116
25.693363660101276
20.57808304855574
20.552221068492134
37.988370313423125
38.7466960089877
29.63313418302954
30.740604606507077
26.707009713108878
20.55403692619243
20.58950717867272
20.656379718137178
27.288239224984817
41.32684668445844
34.99642838919423
20.660620088769907
20.638327180013892
20.634355964456994
20.597838760475256
33.79494280967498
20.556476738134307
20.632782850727317
27.12596877197535
32.249204225598454
20.640731078760503
20.55041742026289
35.34698567025418
20.6071246453903
28.205745913981826
20.54156496561447
36.596379110900806
20.639126068085275
29.703271876841672
32.159498337712506
30.89784657669403
20.54684314987228
35.11211937710849
20.6085778251503
20.600664473930454
28.637334308548333
27.39805149652894
20.664052399086454
20.658070388373666
20.64723199713586
20.54862242784511
25.602734228984215
27.793100430417432
27.019383020778424
20.612241038479866
20.570274473634655
31.982309670630915
25.73904078711111
20.64887613842799
26.161405116068572
20.557702406438416
38.43795247507586
29.84505440985613
39.719567819861915
20.549818074060276
30.208588572282085
20.609306282693375
20.627330065966134
21.18104812612164
20.60567642247127
34.7684362007289
20.542728890180342
20.604236823203614
20.620450384366173
30.134819015105613
20.5800673697631
20.54040460226758
27.23382593210874
20.649700455624195
20.59295130771143
26.55483178084717
36.46544352436388
29.425665114689597
20.55955521784162
32.89889373979504
30.0615872689087
33.38775995735652
26.113446496241888
20.622728274274714
43.14649464324999
20.61520058954571
20.625018903793375
20.581396413955332
25.38029096661764
20.587459743664386
20.631215318717274
20.636733690860165
20.612978751289067
20.553429359566394
30.509178946671113
20.572854276335285
20.549219658760492
26.306882076933125
20.591568137403094
20.563921048182927
20.610769417321826
20.561417637099524
31.80801785713784
20.569633248998052
20.621208354976936
20.572206198077634
20.615946405821113
42.308618870972744
27.909147283499188
20.664914471444646
20.60137652390187
20.59995548225222
28.085975751223334
28.512006204695485
27.62171277081569
20.635939081268518
20.64396528338721
20.575457101593123
26.405225904282275
40.4103947023535
20.586100427831507
31.551841730357676
37.55420325101016
20.59854314511965
20.585424241719164
40.95284037933309
20.584077211942358
29.563490998188964
20.543896394218514
20.64559381648045
20.560795847440577
32.07053689941244
26.655993411104085
20.59503474982006
25.831130672658464
20.64805332044486
20.57415358084337
38.13647368333889
41.711290746043026
32.43089132084419
32.52289403425895
26.861834254847224
31.894806607417923
27.735617224246468
37.69726740051126
35.955412202708324
31.72193375380954
20.57940484867347
26.258120437093147
34.43465148553033
29.08936075425015
29.15569917735721
20.582734610758816
39.22408603931817
25.468570506090312
28.266208461209157
20.554645444868655
32.70927317633545
33.288243312874634
27.967718485978157
38.90388406215954
20.5474353243506
20.56707862375209
20.654696860745013
20.613717737114506
30.585739114592762
20.56204041346526
28.828464356306892
20.560175041885664
36.99781392588105
20.626558322391578
36.72873534441391
20.54448357872399
26.809927280248278
20.562665247037074
36.207733980463345
20.65219147165389
38.591398005255
20.584750171736005
20.602804246826928
26.018315227407157
20.57091673111644
20.653860199791986
39.552326791503035
20.665779614253534
28.76432976216666
27.50920023484826
20.57874340925105
20.568353887209458
25.51305712603027
30.35776769470938
27.17973685005238
20.667518490459916
20.558936372724844
29.289749075771528
20.588141090716427
20.623490230704192
35.83121351655517
20.548028416217836
Case #17: 
49.33277733011738
49.33260372073816
49.332805259109406
49.33304055554556
93.17658999489583
49.33259908887862
51.05456031864592
65.63384436948331
63.94755550505793
51.351910301261285
49.33344816409712
70.35760785058103
49.333133221401454
49.33328479751163
64.1805164059264
49.33279399787348
49.33282622326572
57.70037550426629
49.33260217435759
49.33264965203839
49.33258989024434
49.333415651380335
49.332620893112995
69.74843960681993
49.33351927911625
49.33385428174557
49.33353680881669
96.18305634501772
49.33267260756212
49.33285352009689
72.79284389324083
54.14372407899975
49.33289993624713
49.33331993508048
49.3337141619729
57.61545952668076
49.33262404770519
54.57061944486526
49.332873454994406
49.332582290205075
94.64402814489705
58.570716876097215
49.333179854893054
49.33388135151068
49.33266270505027
49.332887633222775
49.33325909748146
49.33366269026167
49.33263836893977
65.01639090369692
49.33259141736551
52.920746962387746
49.33295059110813
49.85980344927164
49.33297240862691
105.7104208169986
93.53704236597201
49.333125627602506
49.33266929586879
49.333201191577324
49.33278101112057
49.33330223939349
54.073544238643144
49.332764548239254
49.33286743544101
89.15266223225525
49.33268764638649
50.93705829792272
49.33270462271592
49.33335000888283
49.33257775841457
49.332674267505915
78.96582938173164
49.33357622920619
49.333328880035005
74.38123841030735
49.33299466513812
49.33273414836057
52.59547807298162
49.33348831509988
49.33282430012322
49.33264803232913
49.332941983805966
52.72486443841522
49.33338083517884
57.36294351434328
49.332889674013906
49.332748342667834
49.332795866363895
49.33284761146747
49.332760925001864
49.33383211651568
49.33300142990739
49.333222920366
82.45641418933918
49.33292496954529
49.33359454891916
49.333554579201596
49.3333530571381
49.33318515294997
49.332585323132044
66.39853631669904
49.33298125773229
49.33380597580119
49.33334090913439
49.332639973008106
53.86463085906695
49.332873454994406
49.333788818803
65.38475867254284
49.641597573073604
49.33301508365505
49.3332422642495
49.33269609902584
76.2741933901604
49.3327166771569
49.33272537549069
49.372826796912555
49.33354388778121
49.3331537177284
59.66901345918524
64.06371828109886
52.27613402750806
49.33262721238131
49.333169329929596
62.17088690120314
81.48056426499008
49.332832013760225
49.33373859646814
74.5642183630897
77.48177548246358
49.33371013203447
49.333674394491716
49.333156305320415
84.25194322451512
70.82510540447898
49.33279027087172
55.760309550899386
49.33346808110587
51.53283362261841
49.33275192201277
49.33286344111325
85.60874454667083
61.23436813205115
49.33256132008213
50.19257557505037
85.33214044865151
49.33284173545244
49.333438321890924
105.19095614596324
54.35591453582745
49.33270805230971
52.78991673266757
58.13066017769462
55.007774249482566
77.2765253855359
49.33287144471947
49.333038215955945
49.80498231840128
49.333561755986324
60.33893516440437
49.333052326716064
49.33318515294997
64.89497830306459
52.40317220761472
53.05255475549493
49.332939842494234
49.33321472536008
49.33360194901754
76.2741933901604
49.3328071477875
49.33319314500761
49.33302890585315
49.333085950555414
53.252126199088224
77.2765253855359
49.33257625248689
49.33260682081337
49.85980344927164
49.33333187626872
49.332985708915196
49.33260993068343
49.333823348160756
49.33299917042019
86.74268460990433
49.332564288250424
70.98302110867277
52.46703959537301
49.33386324713836
60.24184912377848
49.33305706967262
87.92291144044529
49.33362818152551
49.332625628779404
49.33288356319823
64.53478137702237
49.333174580612024
66.26923037837119
55.15584389620891
49.333093286403944
49.33325909748146
49.333631971875946
52.53114107266364
53.31915218684964
106.23765810671846
49.33263676745378
87.32681703218647
79.18487509900136
49.33343180281306
49.33331400793824
49.3333110551278
49.333100669495956
49.332893767214806
49.96999099459595
49.33286144952688
95.02185011880162
49.333583526383116
49.33276636461793
49.33312059260696
49.333187810950314
101.29363257381976
49.33263038719523
49.33313576376307
49.33285549693989
99.9399819891919
57.44674625225314
49.33362063321571
50.36147984010591
49.333083515684194
78.10747965706216
84.51814276057065
49.333113081021516
Case #18: 
21.293772828935754
15.875998999932657
15.875998999931754
24.251271458709475
28.340952297741467
19.309133639545156
17.69335914075509
15.875998999931019
18.38174758369751
19.677963510838318
21.609773536350602
15.875998999931737
17.33047782198926
21.02422053386531
35.426190372176826
21.191480294229162
15.875998999932229
32.88226971391211
33.66841105882199
29.826680350979284
21.05735565376948
20.732877759333995
19.870484859190675
15.87599899993086
15.87599899993224
15.95746588250479
15.875998999932234
22.8166342829086
15.875998999930975
16.585287847792365
15.875998999931175
19.543824500004
21.467602430135525
24.721199844245636
19.360556190357755
18.91198820087205
31.135042459671023
16.766733492245887
16.68352338312407
16.971629895548496
16.089166596438606
29.09909078197031
15.875998999931388
15.875998999931657
15.875998999931825
19.008973391762648
25.39248570493305
15.87599899993235
15.875998999931044
15.875998999931083
15.875998999932483
17.975825145321494
21.97793926720587
15.875998999931104
27.057199827402687
16.044904706260088
16.66702953491673
18.69908849243089
15.87599899993185
15.875998999931355
15.943031265455259
35.58541000754952
15.875998999931472
15.875998999931
15.875998999931017
15.875998999931186
15.875998999930767
25.334445661713254
15.875998999931351
15.875998999931108
19.65091475095881
36.244455070596466
15.87599899993167
17.91415832499955
30.21155666039332
33.533466984491774
21.865519403286772
15.87599899993094
23.52429436129489
15.875998999932543
15.875998999932127
15.875998999931086
22.608258828860027
23.118283712790944
15.875998999931964
16.13379682529813
15.875998999931634
21.502881997781746
15.87599899993149
15.875998999931284
15.875998999931447
15.875998999931493
18.272266278827335
15.875998999931303
28.83965834560327
15.875998999932701
16.70006629584788
15.875998999932456
24.614412304652905
15.875998999931902
15.875998999931731
15.875998999932502
15.875998999932367
15.87599899993162
16.05961805617094
19.490931779204956
34.2249514243629
15.87599899993208
26.577059288077944
15.875998999932325
23.855305727154963
36.415018154187585
15.875998999931376
19.983066410884447
15.875998999930841
15.875998999932136
17.75276622163936
15.875998999931971
15.875998999930964
15.875998999931152
15.87599899993249
31.0282323937322
15.875998999932406
15.87599899993168
24.15043413439328
28.92536331417711
17.148238500849246
18.745777924642127
30.817869070622876
16.95426760978041
20.545246047081918
15.875998999930944
22.94445956476424
15.875998999932193
17.094678020717932
15.875998999930848
36.58801208827051
24.775117465207853
17.732897422776443
16.300676456210546
24.353382526998775
22.485940931354094
16.78352541782869
15.875998999932678
18.62970388027321
16.50473716353003
15.875998999931728
15.87599899993078
15.875998999931145
15.875998999931486
25.871631457751448
15.87599899993133
24.200695237947194
15.875998999931237
23.29611928509068
15.875998999932575
24.884019605322244
18.14343553264928
15.875998999932603
17.130329108494806
15.8759989999309
15.875998999931417
15.875998999931987
15.875998999931799
15.875998999931062
16.936958501020957
15.875998999931642
17.63454448779541
17.349023014905896
21.22541383124702
34.08323259025841
15.87599899993183
15.87599899993087
15.875998999931214
15.875998999931836
16.362656438191376
15.875998999931326
21.7915242015566
15.875998999932431
15.875998999932548
16.569083361414414
18.25060383341768
36.76349516739502
20.42295182935935
15.875998999932625
15.87599899993093
18.936095270187902
29.275986580197475
28.670509330375662
15.875998999932412
15.87599899993152
18.359693889393423
21.36279658476572
22.28641665883428
16.16375747659194
15.875998999931555
18.186075862981482
28.42227514007158
15.875998999931012
15.875998999931042
15.875998999930896
16.73330029149714
15.875998999930845
15.87599899993203
31.686147942414387
15.875998999930774
19.25811866628316
15.875998999931022
15.875998999930802
22.44560737254799
25.688790781797923
18.984587270893034
15.87599899993257
19.570432850651333
26.058432666672
16.74999186701027
15.87599899993108
15.875998999931266
15.875998999931873
22.52649270628274
Case #19: 
53.59983824525251
53.3409017293643
53.554906291223986
66.98006302222728
53.55659169376805
53.65663111959519
53.324230786186355
56.238893794874286
113.09276094071178
119.56034139016722
72.6829743485015
53.771518615545844
70.30338308999293
57.434930205340265
53.294364297005394
62.02512202330018
54.11651345317344
54.829762288170826
105.90477848592974
94.5787195678395
53.29192690903028
53.95329642498125
53.641620413559544
71.90559398335634
58.230833233517856
53.35002779655369
53.75872069667039
53.37399225442117
55.05727265251588
53.948115240915705
84.13052947248335
86.47088953766983
53.75660485032134
53.256270874938565
102.7892480772666
53.48854274689829
118.97853578961534
53.817751172564584
76.21674047795318
108.43672429489214
53.71125071967837
55.63867497021845
53.49166116253875
68.03493205932861
53.66805810177695
53.531654248542885
53.37264167860833
104.31213470286502
53.36726226002919
64.82201021311484
61.065912856875215
53.48543597438536
60.075383209945336
113.59206915635106
53.35397166738348
53.42563868720411
110.69136719468494
53.566774419574955
96.36901191422915
53.51542786993189
53.98228820556697
115.13063227955845
53.53001750828356
68.47105788466875
73.35041695286178
54.04008532433239
54.02323081728937
55.22977627934146
54.080532274870905
59.41720334031638
53.969004993700906
57.63084298642299
80.14460701981908
80.50001722014999
75.91489081485155
53.731587567887345
94.8701801033365
93.7201960271824
53.73985104236819
81.04211100320533
53.252795786359194
56.4844796521619
53.38214426999907
53.81324838217743
78.27061636217186
53.437253964125325
57.370068603389015
117.83995901625381
53.89042207736862
54.15378230332658
53.63420957830576
53.66232627205628
53.58750916320405
53.65852545266037
53.29558590085736
56.60848524521957
53.63052740567553
53.39038056874919
98.5919832373133
69.48383188467288
53.829103163532494
69.94861186143926
82.15998603109442
56.79603457817553
61.94345625776701
66.4707015385749
53.432878770704804
53.253952370618215
73.62259012156647
53.91508779937877
53.3116458114889
82.54301834540637
82.3508341071269
67.1871116243365
53.54819776062873
108.00210641649541
54.383076538506934
59.1315420541984
91.5403583439956
53.39870261308493
63.377327197940595
64.26875391908276
54.08348333170753
54.01490774761723
69.8315429729283
53.270333239183984
62.60597196169721
62.438351923389924
59.70704507664771
92.88463525401922
53.47465292241623
103.9250753543504
58.71067163698771
81.22525725034434
70.66360773565965
53.32169740272671
55.93636931002926
53.28586714906654
53.847554422515536
53.937833946318236
63.2902105558024
88.53821463378192
53.8200106684655
53.719330971428576
83.52453937896874
70.4228451695095
53.45499302596153
53.36325154465396
56.42278167672822
53.31791276106757
115.65754868132247
93.43917531652522
90.25280675621286
53.414187392186875
53.77798454118811
53.42132544300872
89.75278735880036
53.40149594033184
53.608753096027904
56.11729604439948
97.30314372065313
53.50266836529584
53.63605645555215
57.30542625203941
53.523502053352615
53.4869879097827
53.563366711371174
67.50131651030964
54.0923875210533
56.85896649175025
71.65195794087252
53.419892783820096
53.93273336769265
68.25194993762112
53.95589725501711
58.028759171578635
53.97961733749883
53.28828529960538
53.391761581572396
79.7938630740452
54.00665286898816
53.74401092217999
53.76084140889955
109.77275075474998
59.85356565298279
54.54930130681074
53.92513193825708
64.4515956937017
54.77332402072961
72.81500529174164
66.2701861449532
83.12774597395806
118.40514191829807
53.4285269810246
53.89286058859293
54.098366572935916
54.122633461885115
53.319172257916506
107.57267288114417
54.03162302204718
74.59961509120356
82.93145822429234
53.68743421366637
70.54291830899462
53.40009806151365
53.795450120068494
53.78886210127794
53.92765919416613
92.07103153367197
111.15940888987204
60.22463905044362
53.40852203848127
54.131881285465106
53.6953033755619
82.73655441025298
53.41276731854254
60.00117023138634
65.58241170522587
67.60703516006893
53.44903717437458
56.73331116359232
53.42708154928596
53.473123879510204
53.88072917370507
78.93676127886538
66.77491686497378
67.71325209148524
53.441652771814965
53.83828393563398
53.9876515035194
57.828774340661234
54.0344359527946
53.46552082185262
68.91567981548152
53.709241854446844
53.27985504134956
59.202570959149035
53.784495806497524
59.3454000472091
58.366728011642444
57.17679438106921
Case #20: 
31.111860687345402
31.100433998913108
31.12070868383343
31.10578018141613
31.137149226631376
31.084181660606177
33.301649798736655
33.372883355636965
31.14057000679265
34.18787955934157
31.098449400046086
31.119983295350362
34.30370557005619
31.07025598114665
31.126434793514992
40.764301216556156
31.097471370080513
31.96636688439616
54.20826877322159
31.07936390337062
31.07602038323313
40.82957636039383
41.43151904404459
36.1956947841425
31.081493891904373
64.5055621415704
31.116427085646283
31.090332407004446
55.807675700264284
31.35626562508442
70.38133839510098
31.102457691033678
31.091977884491698
36.10486479207664
31.108127313864145
48.29472965146014
33.021209860163076
31.107267725022194
34.26496619511166
31.12823784363595
39.22778809940216
49.2998143823163
31.067931785879168
43.176761944858846
65.29384673391111
31.074931566018982
31.079202000395597
38.604635594683195
31.11974256502383
33.23087044178156
31.142319010290777
31.107911757159506
31.935011931402556
31.11434813098778
36.996477193603745
31.087472835803514
31.099834572091737
49.53181479024461
31.134648765114335
35.57388197585578
35.70442877044148
38.27700900054978
31.130865005159826
31.718080663965196
31.159344908986558
31.10535902450151
31.156665194994197
37.29205960557379
31.083502700011266
46.45619644764025
31.146200723929137
31.142907892137234
31.137994966094634
48.622896935123435
37.64602607207132
39.82128304734273
58.305088030086004
31.13220190733926
31.08677070915967
31.078557116433572
56.83805825183078
47.762246679723276
41.50005758393835
60.30928116306473
31.12901956359975
31.070846272641624
42.42318290452598
39.2859464532043
31.124912207949457
31.10225352602898
43.332354384017655
47.86733425820561
67.54601702387399
31.07069834734708
31.10748196423432
31.14559512601096
31.08907115997682
31.089609731015305
53.02324545818484
41.70773222987792
31.13007039474486
31.09611773870968
31.088002738417973
56.3157985566499
31.119502364357103
31.093463637755804
31.11208444074161
31.081163114332597
51.77871947742286
31.065385476765226
31.100233800776415
42.27714741813162
57.55755598490448
31.089250358399408
31.116660573674856
45.251743056000606
32.12453888866771
31.133282905003092
36.01471517625723
31.112308664702372
31.156996953092023
34.90102913468916
31.072188295635033
41.29545457462105
32.71402913841607
48.40337934930197
31.119262691410746
31.088357596060195
31.0782363005161
31.09253246199543
31.09497170544291
42.64510167888918
41.160721900393874
31.099436891806402
45.79587174133043
31.12440928520091
31.155019876455942
37.04525305815146
31.134100454490174
68.76316028752076
36.85129752100627
36.803282780718085
31.098253041962383
39.6404133021765
31.50551095013391
31.085726848667058
58.496566667131034
31.088535504514848
31.144094626128602
31.086595958797705
31.137430449855128
31.10493956011427
31.071888392714847
31.067359787781935
31.073702418606082
31.067502453483918
35.107179947786406
31.069231937220906
72.11941093769416
31.075396665153317
31.15766319648387
52.18377430316401
52.59848631629961
31.06952336595718
47.55413132512208
31.14742131970279
31.06764534134897
31.127978477450153
31.147114987330404
31.116194101005593
31.09478195756752
61.392119555186085
31.084352143926168
31.110748921586147
31.126946986602515
37.59484178453672
31.101643441096613
63.01102190026782
60.73550046736486
31.114806663790695
44.386429104359856
31.08607356804213
36.37943045603303
68.14643787200367
31.08503707603623
31.133011689131173
31.070550657415
38.385289298908596
31.099635539025225
31.08452292625232
31.385945012348788
31.12217402798696
31.133827285086195
31.12541742192001
31.143499755667463
50.493687403942474
31.0901512441758
37.85287392606815
40.25312988353279
65.02788291262112
31.158669442160473
31.15021448711644
31.11366398338854
37.543865704433266
34.38158014376038
51.51386495549583
49.41540613392024
31.077280284580432
31.160365149700315
36.15019420703062
45.88848229444344
31.092162402135823
43.971980914853134
36.05970546884708
31.65690783814541
32.15645597442277
