xor: 11
xor: 8
xor: 1
xor: 13
xor: 11
xor: 7
xor: 7
xor: 10
xor: 12
xor: 12
xor: 1
xor: 12
xor: 1
xor: 1
xor: 15
xor: 13
xor: 13
xor: 13
xor: 3
xor: 13
xor: 13
xor: 3
xor: 13
xor: 3
xor: 3
xor: 12
xor: 14
xor: 14
xor: 14
xor: 14
xor: 1
xor: 14
xor: 14
xor: 14
xor: 1
xor: 14
xor: 14
xor: 1
xor: 14
xor: 1
xor: 1
xor: 1
xor: 15
xor: 15
xor: 15
xor: 15
xor: 15
xor: 15
xor: 15
xor: 15
xor: 15
xor: 15
xor: 15
xor: 15
xor: 15
xor: 15
xor: 15
xor: 15
xor: 15
xor: 15
xor: 15
xor: 15
xor: 15
xor: 15
xor: -1
xor: -1
xor: -1
xor: -1
xor: -1
xor: -1
xor: -1
xor: -1
xor: -1
xor: -1
xor: -1
xor: -1
xor: -1
xor: -1
xor: -1
xor: -1
xor: -1
xor: -1
xor: -1
xor: -1
xor: -1
xor: -1
xor: -1
xor: -1
xor: -1
xor: -1
xor: -1
xor: -1
xor: -1
1
2
14 15
