[-1, -1, 0, -1, -1, -1, -1]
0 :CENTER
Case #1: 0
[-1, -1, -1, -1, -1, 1, -1, -1, -1, -1, -1, -1, -1]
[-1, -1, -1, -1, 2, -1, 2, -1, -1, -1, -1, -1, -1]
[-1, -1, -1, -1, -1, 1, -1, -1, -1, -1, -1, -1, -1]
-1 :CENTER
1 :CENTER
-1 :CENTER
2 :CENTER
-1 :CENTER
2 :CENTER
-1 :CENTER
1 :CENTER
-1 :CENTER
Case #2: 0
[-1, -1, -1, -1, -1, 1, -1, -1, -1, -1, -1, -1, -1]
[-1, -1, -1, -1, 1, -1, 2, -1, -1, -1, -1, -1, -1]
[-1, -1, -1, -1, -1, 1, -1, -1, -1, -1, -1, -1, -1]
-1 :CENTER
1 :CENTER
-1 :CENTER
1 :CENTER
-1 :CENTER
2 :CENTER
-1 :CENTER
1 :CENTER
-1 :CENTER
Case #3: 4
[-1, -1, -1, -1, -1, -1, -1, -1, 1, -1, -1, -1, -1, -1, -1, -1, -1, -1, -1]
[-1, -1, -1, -1, -1, -1, -1, 6, -1, 3, -1, -1, -1, -1, -1, -1, -1, -1, -1]
[-1, -1, -1, -1, -1, -1, 9, -1, 5, -1, 5, -1, -1, -1, -1, -1, -1, -1, -1]
[-1, -1, -1, -1, -1, -1, -1, 6, -1, 3, -1, -1, -1, -1, -1, -1, -1, -1, -1]
[-1, -1, -1, -1, -1, -1, -1, -1, 1, -1, -1, -1, -1, -1, -1, -1, -1, -1, -1]
-1 :CENTER
-1 :CENTER
1 :CENTER
-1 :CENTER
-1 :CENTER
-1 :CENTER
6 :CENTER
-1 :CENTER
3 :CENTER
-1 :CENTER
9 :CENTER
-1 :CENTER
5 :CENTER
-1 :CENTER
5 :CENTER
-1 :CENTER
6 :CENTER
-1 :CENTER
3 :CENTER
-1 :CENTER
-1 :CENTER
-1 :CENTER
1 :CENTER
-1 :CENTER
-1 :CENTER
Case #4: 6
