1 0 0 0
0 1 1 1
2 2 2 0
1 3 0 0
0 4 1 1
2 5 2 0
1 6 0 0
0 7 1 1
2 8 2 0
1 9 0 0
0 0
1 3
2 3
[0, 1, 2, 0, 1, 2, 0, 1, 2, 0] 3
[0, 1, 2, 0, 1, 2, 0, 1, 2, 0]
1 0 0 3
0 1 1 0
2 2 2 3
1 3 0 3
0 4 1 0
2 5 2 3
1 6 0 3
0 7 1 0
2 8 2 3
1 9 0 3
0 0
1 21
2 21
[0, 1, 2, 0, 1, 2, 0, 1, 2, 0] 3
[0, 1, 2, 0, 1, 2, 0, 1, 2, 0]
1 0 0 21
0 1 1 0
2 2 2 21
1 3 0 21
0 4 1 0
2 5 2 21
1 6 0 21
0 7 1 0
2 8 2 21
1 9 0 21
0 0
1 147
2 147
[0, 1, 2, 0, 1, 2, 0, 1, 2, 0] 3
[0, 1, 2, 0, 1, 2, 0, 1, 2, 0]
1 0 0 147
0 1 1 0
2 2 2 147
1 3 0 147
0 4 1 0
2 5 2 147
1 6 0 147
0 7 1 0
2 8 2 147
1 9 0 147
0 0
1 1029
2 1029
[0, 1, 2, 0, 1, 2, 0, 1, 2, 0] 3
[0, 1, 2, 0, 1, 2, 0, 1, 2, 0]
0 1 1 0
2 2 2 1029
1 3 0 1029
0 4 1 0
2 5 2 1029
1 6 0 1029
0 7 1 0
2 8 2 1029
1 9 0 1029
0 0
1 659
2 659
[0, 1, 2, 0, 1, 2, 0, 1, 2, 0] 3
[0, 1, 2, 0, 1, 2, 0, 1, 2, 0]
657
442
