Case #1: 15 25
Case #2: 0 0
Case #3: 81 567
Case #4: 181 244
Case #5: 0 0
Case #6: 500 500
Case #7: 100 900
Case #8: 13 52
Case #9: 117 267
Case #10: 66 242
Case #11: 128 337
Case #12: 118 396
Case #13: 110 280
Case #14: 131 462
Case #15: 203 423
Case #16: 183 428
Case #17: 95 391
Case #18: 157 453
Case #19: 209 411
Case #20: 155 412
Case #21: 127 315
Case #22: 158 408
Case #23: 166 353
Case #24: 110 226
Case #25: 134 300
Case #26: 138 414
Case #27: 193 344
Case #28: 169 370
Case #29: 137 350
Case #30: 151 393
Case #31: 135 394
Case #32: 136 361
Case #33: 178 352
Case #34: 134 450
Case #35: 117 400
Case #36: 203 510
Case #37: 121 330
Case #38: 111 382
Case #39: 129 356
Case #40: 179 576
Case #41: 107 252
Case #42: 161 411
Case #43: 152 317
Case #44: 77 378
Case #45: 91 234
Case #46: 136 315
Case #47: 76 194
Case #48: 146 293
Case #49: 107 313
Case #50: 141 342
Case #51: 144 468
Case #52: 147 347
Case #53: 150 488
Case #54: 68 354
Case #55: 149 361
Case #56: 120 394
Case #57: 165 408
Case #58: 133 479
Case #59: 83 289
Case #60: 60 153
Case #61: 246 419
Case #62: 178 312
Case #63: 175 388
Case #64: 67 272
Case #65: 116 365
Case #66: 106 342
Case #67: 100 324
Case #68: 162 417
Case #69: 118 318
Case #70: 132 341
Case #71: 198 430
Case #72: 214 515
Case #73: 143 394
Case #74: 164 335
Case #75: 92 369
Case #76: 126 488
Case #77: 176 398
Case #78: 148 552
Case #79: 94 332
Case #80: 234 500
Case #81: 229 466
Case #82: 115 238
Case #83: 184 408
Case #84: 150 360
Case #85: 211 502
Case #86: 145 403
Case #87: 120 347
Case #88: 128 356
Case #89: 116 485
Case #90: 166 507
Case #91: 241 516
Case #92: 170 357
Case #93: 91 439
Case #94: 133 427
Case #95: 73 189
Case #96: 167 383
Case #97: 161 319
Case #98: 135 238
Case #99: 148 409
Case #100: 159 548
