Case #1: our language is impossible to understand
Case #2: there are twenty six factorial possibilities
Case #3: so it is okay if you want to just give up
Case #4: xoggk d yl wxo vkkvgo ekso uyl wonw sywy
Case #5: xkf yto akj
Case #6: yabba dabba yabba dabba yabba dabba yabba dabba yabba dabba yabba dabba yabba dabba yabba dooooooooo
Case #7: a b c d e f g h i j k l m n o p q r s t u v y w x y z now i know my abcs
Case #8: next time wont you sing with me
Case #9: swift as the wind quiet as the forest steady as the mountain
Case #10: whoooooooooooooooooooaaaaaaaaa i know c plus plus
Case #11: oh nooooo goggalor is headed for the orphanage
Case #12: oh my god lets make out
Case #13: buff tryndamere and amumu
Case #14: you know you want to
Case #15: our code jam is like the pythagorean theorem
Case #16: there is no answer
Case #17: pneumonoultramicroscopicsilicovolcanoconiosis
Case #18: now that you know googlerese please do not use it to hack into our systems
Case #19: it was the best of times it was the blurst of times
Case #20: im commander shepard and this is my favorite problem on the google code jam
Case #21: each of us has his own special gift and you know this was meant to be true
Case #22: and if you dont underestimate me i wont underestimate you
Case #23: you pissed off the chicken lady
Case #24: by the pricking of my thumbs something wicked this way comes
Case #25: i have bested fruit spike and moon now i shall best you the guy
Case #26: greetings cheese popsicle the number you have dialed is currently out of porkchops
Case #27: now is the summer of our lack of discontent
Case #28: for those who speak in a tongue do not speak to other people
Case #29: nobody understands them since they are speaking mysteries in the spirit
Case #30: friends dont let friends let scientific progress go boink
