Case #1: 1 1 1 1 1 1
Case #2: 1 1 1 2
Case #3: Impossible
Case #4: 1 1 3 5
Case #5: 1 1
Case #6: 1 1 1 1 1 1 1 1 1 1
Case #7: Impossible
Case #8: 1 1 1 1 3 4
Case #9: Impossible
Case #10: Impossible
Case #11: Impossible
Case #12: Impossible
Case #13: Impossible
Case #14: Impossible
Case #15: Impossible
Case #16: Impossible
Case #17: 1 1 1 1 1 1 1 1 1 2
Case #18: Impossible
Case #19: 1 1 2 1 1 2 1
Case #20: 1 4 1 1 3 5
Case #21: 1 4 1 3 5 6
Case #22: 1 3 1 1 1 2 1
Case #23: Impossible
Case #24: 1 1 5 4 1 3 1 4
Case #25: Impossible
Case #26: Impossible
Case #27: 1 1 3 5 1
Case #28: 1 3 3 1 2 1 1
Case #29: Impossible
Case #30: 1 1 1 1 1 18 27 34 40 45
