12 12 numEven, N
-1 2 0 2
2 3 0 1
CONNECTED: 0 1
3 -1 0 2
-1 2 1 1
2 5 0 1
CONNECTED: 0 3
5 -1 0 2
-1 4 0 2
4 3 0 1
CONNECTED: 2 1
3 -1 1 1
-1 4 1 1
4 7 0 1
CONNECTED: 2 5
7 -1 0 2
-1 6 0 2
6 5 0 1
CONNECTED: 4 3
5 -1 1 1
-1 6 1 1
6 7 0 1
CONNECTED: 4 5
7 -1 1 1
-1 8 0 2
8 9 0 1
CONNECTED: 6 7
9 -1 0 2
-1 8 1 1
8 11 0 1
CONNECTED: 6 9
11 -1 0 2
-1 10 0 2
10 9 0 1
CONNECTED: 8 7
9 -1 1 1
-1 10 1 1
10 13 0 1
CONNECTED: 8 11
13 -1 0 2
-1 12 0 2
12 11 0 1
CONNECTED: 10 9
11 -1 1 1
22 24 : tot, N * 2
impossible
