Case #1: 0 1
Case #2: 0 2
Case #3: 1 2
Case #4: 2 4
Case #5: 1 13
Case #6: 3 34
Case #7: 4 12
Case #8: 2 18
Case #9: 3 30
Case #10: 14 36
Case #11: 10 32
Case #12: 10 25
Case #13: 1 12
Case #14: 3 33
Case #15: 3 25
Case #16: 0 1
Case #17: 0 1
Case #18: 7 24
Case #19: 1 2
Case #20: 0 35
Case #21: 3 27
Case #22: 2 2
Case #23: 10 27
Case #24: 6 14
Case #25: 4 2
Case #26: 0 20
Case #27: 8 24
Case #28: 1 16
Case #29: 3 33
Case #30: 3 50
Case #31: 3 40
Case #32: 3 32
Case #33: 0 15
Case #34: 4 20
Case #35: 0 1
Case #36: 0 16
Case #37: 3 48
Case #38: 1 5
Case #39: 1 22
Case #40: 0 1
Case #41: 3 44
Case #42: 11 32
Case #43: 6 18
Case #44: 13 34
Case #45: 1 2
Case #46: 11 26
Case #47: 1 2
Case #48: 1 12
Case #49: 34 1
Case #50: 3 25
