[-1.0, 5.0, 0.0] [1.0, -7.0, 12.0]
0 [1.0, 0.0] [-1.0, 3.0] [-1.0, 4.0] [-1.0, 5.0]
[-2.0, 12.0, -12.0] 0 3.7320508075688767
[-2.0, 12.0, -12.0] 0 0.2679491924311228
[-1.0, 5.0, 0.0] [-1.0, 3.0, 4.0]
1 [1.0, 0.0] [1.0, 1.0] [-1.0, 4.0] [-1.0, 5.0]
[0.0, 2.0, -4.0] 1 1.0
[-1.0, 5.0, 0.0] [-1.0, 1.0, 6.0]
2 [1.0, 0.0] [-1.0, 3.0] [1.0, 2.0] [-1.0, 5.0]
[0.0, 4.0, -6.0] 2 0.5
[-1.0, 5.0, 0.0] [1.0, 3.0, 2.0]
3 [1.0, 0.0] [1.0, 1.0] [1.0, 2.0] [-1.0, 5.0]
[1.0, 3.0, 0.0] [1.0, -7.0, 12.0]
4 [1.0, 0.0] [-1.0, 3.0] [-1.0, 4.0] [1.0, 3.0]
[0.0, 10.0, -12.0] 4 0.19999999999999996
[1.0, 3.0, 0.0] [-1.0, 3.0, 4.0]
5 [1.0, 0.0] [1.0, 1.0] [-1.0, 4.0] [1.0, 3.0]
[2.0, 0.0, -4.0] 5 2.414213562373095
[2.0, 0.0, -4.0] 5 0.41421356237309515
[1.0, 3.0, 0.0] [-1.0, 1.0, 6.0]
6 [1.0, 0.0] [-1.0, 3.0] [1.0, 2.0] [1.0, 3.0]
[2.0, 2.0, -6.0] 6 3.302775637731995
[2.0, 2.0, -6.0] 6 0.30277563773199456
[1.0, 3.0, 0.0] [1.0, 3.0, 2.0]
7 [1.0, 0.0] [1.0, 1.0] [1.0, 2.0] [1.0, 3.0]
0.30277563773199456
